#
# A fatal error has been detected by the Java Runtime Environment:
#
#  SIGSEGV (0xb) at pc=0x00007f7f63388540, pid=1826, tid=1863
#
# JRE version: OpenJDK Runtime Environment (10.0.1+10) (build 10.0.1+10-Ubuntu-3ubuntu1)
# Java VM: OpenJDK 64-Bit Server VM (10.0.1+10-Ubuntu-3ubuntu1, mixed mode, tiered, compressed oops, g1 gc, linux-amd64)
# Problematic frame:
# C  [vmwgfx_dri.so+0x75c540]
#
# Core dump will be written. Default location: Core dumps may be processed with "/usr/share/apport/apport %p %s %c %d %P" (or dumping to /home/cmt/Documents/eclipse-workspace/Duel/core.1826)
#
# If you would like to submit a bug report, please visit:
#   http://bugreport.java.com/bugreport/crash.jsp
# The crash happened outside the Java Virtual Machine in native code.
# See problematic frame for where to report the bug.
#

---------------  S U M M A R Y ------------

Command Line: -Dfile.encoding=UTF-8 princ.Principal

Host: Intel(R) Core(TM) i7-8750H CPU @ 2.20GHz, 2 cores, 2G, Linux Mint 19 Tara
Time: Wed Dec 16 15:43:55 2020 CET elapsed time: 8 seconds (0d 0h 0m 8s)

---------------  T H R E A D  ---------------

Current thread (0x00007f7fc44a6800):  JavaThread "LWJGL Renderer Thread" [_thread_in_native, id=1863, stack(0x00007f7f66913000,0x00007f7f66a14000)]

Stack: [0x00007f7f66913000,0x00007f7f66a14000],  sp=0x00007f7f66a11530,  free space=1017k
Native frames: (J=compiled Java code, A=aot compiled Java code, j=interpreted, Vv=VM code, C=native code)
C  [vmwgfx_dri.so+0x75c540]

Java frames: (J=compiled Java code, j=interpreted, Vv=VM code)
j  org.lwjgl.opengl.GL11.nglTexImage2D(IIIIIIIIJJ)V+0
j  org.lwjgl.opengl.GL11.glTexImage2D(IIIIIIIILjava/nio/ByteBuffer;)V+63
j  com.jme3.renderer.lwjgl.TextureUtil.uploadTexture(Lcom/jme3/texture/Image;III)V+495
j  com.jme3.renderer.lwjgl.LwjglRenderer.updateTexImageData(Lcom/jme3/texture/Image;Lcom/jme3/texture/Texture$Type;I)V+600
j  com.jme3.renderer.lwjgl.LwjglRenderer.setTexture(ILcom/jme3/texture/Texture;)V+33
j  com.jme3.material.MatParamTexture.apply(Lcom/jme3/renderer/Renderer;Lcom/jme3/material/Technique;)V+14
j  com.jme3.material.Material.render(Lcom/jme3/scene/Geometry;Lcom/jme3/renderer/RenderManager;)V+180
j  com.jme3.renderer.RenderManager.renderGeometry(Lcom/jme3/scene/Geometry;)V+204
j  com.jme3.renderer.queue.RenderQueue.renderGeometryList(Lcom/jme3/renderer/queue/GeometryList;Lcom/jme3/renderer/RenderManager;Lcom/jme3/renderer/Camera;Z)V+51
j  com.jme3.renderer.queue.RenderQueue.renderQueue(Lcom/jme3/renderer/queue/RenderQueue$Bucket;Lcom/jme3/renderer/RenderManager;Lcom/jme3/renderer/Camera;Z)V+68
j  com.jme3.renderer.RenderManager.renderViewPortQueues(Lcom/jme3/renderer/ViewPort;Z)V+22
j  com.jme3.renderer.RenderManager.flushQueue(Lcom/jme3/renderer/ViewPort;)V+3
j  com.jme3.renderer.RenderManager.renderViewPort(Lcom/jme3/renderer/ViewPort;F)V+267
j  com.jme3.renderer.RenderManager.render(FZ)V+123
j  com.jme3.app.SimpleApplication.update()V+102
j  com.jme3.system.lwjgl.LwjglAbstractDisplay.runLoop()V+22
j  com.jme3.system.lwjgl.LwjglDisplay.runLoop()V+67
j  com.jme3.system.lwjgl.LwjglAbstractDisplay.run()V+132
j  java.lang.Thread.run()V+11 java.base@10.0.1
v  ~StubRoutines::call_stub

siginfo: si_signo: 11 (SIGSEGV), si_code: 1 (SEGV_MAPERR), si_addr: 0x0000000000000002

Register to memory mapping:

RAX=0x0000000000000000 is an unknown value
RBX=0x00007f7f9c184c30 is an unknown value
RCX=0x00007f7f9c0075c0 is an unknown value
RDX=0x0000000000000000 is an unknown value
RSP=0x00007f7f66a11530 is pointing into the stack for thread: 0x00007f7fc44a6800
RBP=0x00007f7f9c160250 is an unknown value
RSI=0x0000000000000001 is an unknown value
RDI=0x00007f7f9c160250 is an unknown value
R8 =0x0000000000000011 is an unknown value
R9 =0x0000000000000000 is an unknown value
R10=0x00007f7f9c0075c0 is an unknown value
R11=0x0000000000000000 is an unknown value
R12=0x00007f7f9c0cdbb0 is an unknown value
R13=0x0000000000000000 is an unknown value
R14=0x0000000000000001 is an unknown value
R15=0x00007f7f9c11e120 is an unknown value


Registers:
RAX=0x0000000000000000, RBX=0x00007f7f9c184c30, RCX=0x00007f7f9c0075c0, RDX=0x0000000000000000
RSP=0x00007f7f66a11530, RBP=0x00007f7f9c160250, RSI=0x0000000000000001, RDI=0x00007f7f9c160250
R8 =0x0000000000000011, R9 =0x0000000000000000, R10=0x00007f7f9c0075c0, R11=0x0000000000000000
R12=0x00007f7f9c0cdbb0, R13=0x0000000000000000, R14=0x0000000000000001, R15=0x00007f7f9c11e120
RIP=0x00007f7f63388540, EFLAGS=0x0000000000010246, CSGSFS=0x002b000000000033, ERR=0x0000000000000004
  TRAPNO=0x000000000000000e

Top of Stack: (sp=0x00007f7f66a11530)
0x00007f7f66a11530:   0000005b0000006e 000000069c160250
0x00007f7f66a11540:   00007f7f630b58e0 0000000000023330
0x00007f7f66a11550:   0000000000000030 00007f7fcc8058f8
0x00007f7f66a11560:   00007f7f9c5d3cd0 00007f7f9c000020 

Instructions: (pc=0x00007f7f63388540)
0x00007f7f63388520:   8b b7 3c 0e 00 00 64 48 8b 04 25 28 00 00 00 48
0x00007f7f63388530:   89 84 24 18 02 00 00 31 c0 48 8b 87 b8 7f 00 00
0x00007f7f63388540:   0f b6 40 02 83 e0 01 85 f6 89 c7 0f 84 37 01 00
0x00007f7f63388550:   00 48 8d 95 48 0e 00 00 31 db 31 c0 0f 1f 40 00 


---------------  P R O C E S S  ---------------

Threads class SMR info:
_java_thread_list=0x00007f7f94019610, length=31, elements={
0x00007f7fc40ec800, 0x00007f7fc40ee800, 0x00007f7fc4102000, 0x00007f7fc4104000,
0x00007f7fc4106000, 0x00007f7fc4108000, 0x00007f7fc4180000, 0x00007f7fc4148800,
0x00007f7fc444c800, 0x00007f7fc444e000, 0x00007f7f8c0f0000, 0x00007f7f8c1dc000,
0x00007f7fc44a6800, 0x00007f7fc44c8800, 0x00007f7f9c027000, 0x00007f7fc44d3800,
0x00007f7fc44bc000, 0x00007f7fc44e3800, 0x00007f7fc455a800, 0x00007f7fc455b800,
0x00007f7fc455c000, 0x00007f7fc455d000, 0x00007f7fc455d800, 0x00007f7fc4587000,
0x00007f7fc4585000, 0x00007f7fc4526000, 0x00007f7fc4588800, 0x00007f7fc4594000,
0x00007f7fc4595000, 0x00007f7fc4012800, 0x00007f7f9c3f2800
}

Java Threads: ( => current thread )
  0x00007f7fc40ec800 JavaThread "Reference Handler" daemon [_thread_blocked, id=1837, stack(0x00007f7f8b5fd000,0x00007f7f8b6fe000)]
  0x00007f7fc40ee800 JavaThread "Finalizer" daemon [_thread_blocked, id=1840, stack(0x00007f7f8b4fc000,0x00007f7f8b5fd000)]
  0x00007f7fc4102000 JavaThread "Signal Dispatcher" daemon [_thread_blocked, id=1843, stack(0x00007f7f8afe8000,0x00007f7f8b0e9000)]
  0x00007f7fc4104000 JavaThread "C2 CompilerThread0" daemon [_thread_blocked, id=1844, stack(0x00007f7f8aee7000,0x00007f7f8afe8000)]
  0x00007f7fc4106000 JavaThread "C1 CompilerThread1" daemon [_thread_blocked, id=1845, stack(0x00007f7f8ade6000,0x00007f7f8aee7000)]
  0x00007f7fc4108000 JavaThread "Sweeper thread" daemon [_thread_blocked, id=1846, stack(0x00007f7f8ace5000,0x00007f7f8ade6000)]
  0x00007f7fc4180000 JavaThread "Service Thread" daemon [_thread_blocked, id=1847, stack(0x00007f7f8abe4000,0x00007f7f8ace5000)]
  0x00007f7fc4148800 JavaThread "Common-Cleaner" daemon [_thread_blocked, id=1849, stack(0x00007f7f8a9e1000,0x00007f7f8aae2000)]
  0x00007f7fc444c800 JavaThread "Java2D Disposer" daemon [_thread_blocked, id=1853, stack(0x00007f7f67fe0000,0x00007f7f680e1000)]
  0x00007f7fc444e000 JavaThread "AWT-XAWT" daemon [_thread_in_native, id=1854, stack(0x00007f7f67edf000,0x00007f7f67fe0000)]
  0x00007f7f8c0f0000 JavaThread "Timer-0" daemon [_thread_blocked, id=1857, stack(0x00007f7f67716000,0x00007f7f67817000)]
  0x00007f7f8c1dc000 JavaThread "TimerQueue" daemon [_thread_blocked, id=1859, stack(0x00007f7f66c14000,0x00007f7f66d15000)]
=>0x00007f7fc44a6800 JavaThread "LWJGL Renderer Thread" [_thread_in_native, id=1863, stack(0x00007f7f66913000,0x00007f7f66a14000)]
  0x00007f7fc44c8800 JavaThread "JADE Timer dispatcher" [_thread_blocked, id=1864, stack(0x00007f7f6619f000,0x00007f7f662a0000)]
  0x00007f7f9c027000 JavaThread "process reaper" daemon [_thread_blocked, id=1866, stack(0x00007f7fa8016000,0x00007f7fa8038000)]
  0x00007f7fc44d3800 JavaThread "JICPServer-8888" daemon [_thread_in_native, id=1868, stack(0x00007f7f65529000,0x00007f7f6562a000)]
  0x00007f7fc44bc000 JavaThread "Thread-4" [_thread_blocked, id=1869, stack(0x00007f7f65428000,0x00007f7f65529000)]
  0x00007f7fc44e3800 JavaThread "Thread-5" [_thread_in_native, id=1870, stack(0x00007f7f5e1e7000,0x00007f7f5e2e8000)]
  0x00007f7fc455a800 JavaThread "Deliverer-00" [_thread_blocked, id=1871, stack(0x00007f7f67cdd000,0x00007f7f67dde000)]
  0x00007f7fc455b800 JavaThread "Deliverer-01" [_thread_blocked, id=1872, stack(0x00007f7f67dde000,0x00007f7f67edf000)]
  0x00007f7fc455c000 JavaThread "Deliverer-02" [_thread_blocked, id=1873, stack(0x00007f7f5cee6000,0x00007f7f5cfe7000)]
  0x00007f7fc455d000 JavaThread "Deliverer-03" [_thread_blocked, id=1874, stack(0x00007f7f5cde5000,0x00007f7f5cee6000)]
  0x00007f7fc455d800 JavaThread "Deliverer-04" [_thread_blocked, id=1875, stack(0x00007f7f5cce4000,0x00007f7f5cde5000)]
  0x00007f7fc4587000 JavaThread "Thread-11" [_thread_in_native, id=1876, stack(0x00007f7f5cbe3000,0x00007f7f5cce4000)]
  0x00007f7fc4585000 JavaThread "ams" [_thread_blocked, id=1877, stack(0x00007f7f5cae2000,0x00007f7f5cbe3000)]
  0x00007f7fc4526000 JavaThread "df" [_thread_blocked, id=1878, stack(0x00007f7f5c9e1000,0x00007f7f5cae2000)]
  0x00007f7fc4588800 JavaThread "Container-1-failure-monitor" [_thread_blocked, id=1879, stack(0x00007f7f5c6e0000,0x00007f7f5c7e1000)]
  0x00007f7fc4594000 JavaThread "Player1" [_thread_blocked, id=1880, stack(0x00007f7f5c5df000,0x00007f7f5c6e0000)]
  0x00007f7fc4595000 JavaThread "Dummy" [_thread_blocked, id=1881, stack(0x00007f7f5c4de000,0x00007f7f5c5df000)]
  0x00007f7fc4012800 JavaThread "DestroyJavaVM" [_thread_blocked, id=1827, stack(0x00007f7fccb1f000,0x00007f7fccc20000)]
  0x00007f7f9c3f2800 JavaThread "jME3 Audio Thread" daemon [_thread_blocked, id=1882, stack(0x00007f7f5c3dd000,0x00007f7f5c4de000)]

Other Threads:
  0x00007f7fc40e3000 VMThread "VM Thread" [stack: 0x00007f7f8b700000,0x00007f7f8b800000] [id=1836]
  0x00007f7fc4182000 WatcherThread [stack: 0x00007f7f8aae4000,0x00007f7f8abe4000] [id=1848]
  0x00007f7fc4028800 GCTaskThread "GC Thread#0" [stack: 0x00007f7fc8c44000,0x00007f7fc8d44000] [id=1828]
  0x00007f7fc402a000 GCTaskThread "GC Thread#1" [stack: 0x00007f7fc8b42000,0x00007f7fc8c42000] [id=1829]
  0x00007f7fc4056800 ConcurrentGCThread "G1 Main Marker" [stack: 0x00007f7fc83d0000,0x00007f7fc84d0000] [id=1830]
  0x00007f7fc4058000 ConcurrentGCThread "G1 Conc#0" [stack: 0x00007f7fc82ce000,0x00007f7fc83ce000] [id=1831]
  0x00007f7fc4080000 ConcurrentGCThread "G1 Refine#0" [stack: 0x00007f7fa8287000,0x00007f7fa8387000] [id=1832]
  0x00007f7fc4081800 ConcurrentGCThread "G1 Refine#1" [stack: 0x00007f7fa8185000,0x00007f7fa8285000] [id=1833]
  0x00007f7fc4083000 ConcurrentGCThread "G1 Young RemSet Sampling" [stack: 0x00007f7fa8083000,0x00007f7fa8183000] [id=1834]

Threads with active compile tasks:

VM state:not at safepoint (normal execution)

VM Mutex/Monitor currently owned by a thread: None

Heap address: 0x00000000d0c00000, size: 756 MB, Compressed Oops mode: 32-bit
Narrow klass base: 0x0000000000000000, Narrow klass shift: 3
Compressed class space size: 1073741824 Address: 0x0000000100000000

Heap:
 garbage-first heap   total 49152K, used 10846K [0x00000000d0c00000, 0x0000000100000000)
  region size 1024K, 3 young (3072K), 2 survivors (2048K)
 Metaspace       used 32964K, capacity 33538K, committed 33920K, reserved 1079296K
  class space    used 3392K, capacity 3694K, committed 3712K, reserved 1048576K
Heap Regions: E=young(eden), S=young(survivor), O=old, HS=humongous(starts), HC=humongous(continues), CS=collection set, F=free, A=archive, TS=gc time stamp, AC=allocation context, TAMS=top-at-mark-start (previous, next)
|   0|0x00000000d0c00000, 0x00000000d0d00000, 0x00000000d0d00000|100%| O|  |TS  0|AC  0|TAMS 0x00000000d0d00000, 0x00000000d0d00000|
|   1|0x00000000d0d00000, 0x00000000d0e00000, 0x00000000d0e00000|100%| O|  |TS  0|AC  0|TAMS 0x00000000d0e00000, 0x00000000d0e00000|
|   2|0x00000000d0e00000, 0x00000000d0f00000, 0x00000000d0f00000|100%| O|  |TS  1|AC  0|TAMS 0x00000000d0e9b200, 0x00000000d0e9b200|
|   3|0x00000000d0f00000, 0x00000000d1000000, 0x00000000d1000000|100%|HS|  |TS  0|AC  0|TAMS 0x00000000d1000000, 0x00000000d1000000|
|   4|0x00000000d1000000, 0x00000000d1100000, 0x00000000d1100000|100%|HC|  |TS  0|AC  0|TAMS 0x00000000d1100000, 0x00000000d1100000|
|   5|0x00000000d1100000, 0x00000000d1200000, 0x00000000d1200000|100%| O|  |TS  1|AC  0|TAMS 0x00000000d1100000, 0x00000000d1100000|
|   6|0x00000000d1200000, 0x00000000d1300000, 0x00000000d1300000|100%| O|  |TS  2|AC  0|TAMS 0x00000000d1200000, 0x00000000d1200000|
|   7|0x00000000d1300000, 0x00000000d1400000, 0x00000000d1400000|100%| O|  |TS  2|AC  0|TAMS 0x00000000d1300000, 0x00000000d1300000|
|   8|0x00000000d1400000, 0x00000000d14e8800, 0x00000000d1500000| 90%| O|  |TS  3|AC  0|TAMS 0x00000000d1400000, 0x00000000d1400000|
|   9|0x00000000d1500000, 0x00000000d1500000, 0x00000000d1600000|  0%| F|  |TS  3|AC  0|TAMS 0x00000000d1500000, 0x00000000d1500000|
|  10|0x00000000d1600000, 0x00000000d1600000, 0x00000000d1700000|  0%| F|  |TS  3|AC  0|TAMS 0x00000000d1600000, 0x00000000d1600000|
|  11|0x00000000d1700000, 0x00000000d1700000, 0x00000000d1800000|  0%| F|  |TS  3|AC  0|TAMS 0x00000000d1700000, 0x00000000d1700000|
|  12|0x00000000d1800000, 0x00000000d1800000, 0x00000000d1900000|  0%| F|  |TS  3|AC  0|TAMS 0x00000000d1800000, 0x00000000d1800000|
|  13|0x00000000d1900000, 0x00000000d1900000, 0x00000000d1a00000|  0%| F|  |TS  3|AC  0|TAMS 0x00000000d1900000, 0x00000000d1900000|
|  14|0x00000000d1a00000, 0x00000000d1a00000, 0x00000000d1b00000|  0%| F|  |TS  3|AC  0|TAMS 0x00000000d1a00000, 0x00000000d1a00000|
|  15|0x00000000d1b00000, 0x00000000d1b00000, 0x00000000d1c00000|  0%| F|  |TS  3|AC  0|TAMS 0x00000000d1b00000, 0x00000000d1b00000|
|  16|0x00000000d1c00000, 0x00000000d1c00000, 0x00000000d1d00000|  0%| F|  |TS  3|AC  0|TAMS 0x00000000d1c00000, 0x00000000d1c00000|
|  17|0x00000000d1d00000, 0x00000000d1d00000, 0x00000000d1e00000|  0%| F|  |TS  3|AC  0|TAMS 0x00000000d1d00000, 0x00000000d1d00000|
|  18|0x00000000d1e00000, 0x00000000d1e00000, 0x00000000d1f00000|  0%| F|  |TS  0|AC  0|TAMS 0x00000000d1e00000, 0x00000000d1e00000|
|  19|0x00000000d1f00000, 0x00000000d1f00000, 0x00000000d2000000|  0%| F|  |TS  0|AC  0|TAMS 0x00000000d1f00000, 0x00000000d1f00000|
|  20|0x00000000d2000000, 0x00000000d2000000, 0x00000000d2100000|  0%| F|  |TS  0|AC  0|TAMS 0x00000000d2000000, 0x00000000d2000000|
|  21|0x00000000d2100000, 0x00000000d2100000, 0x00000000d2200000|  0%| F|  |TS  0|AC  0|TAMS 0x00000000d2100000, 0x00000000d2100000|
|  22|0x00000000d2200000, 0x00000000d2200000, 0x00000000d2300000|  0%| F|  |TS  0|AC  0|TAMS 0x00000000d2200000, 0x00000000d2200000|
|  23|0x00000000d2300000, 0x00000000d2300000, 0x00000000d2400000|  0%| F|  |TS  0|AC  0|TAMS 0x00000000d2300000, 0x00000000d2300000|
|  24|0x00000000d2400000, 0x00000000d2400000, 0x00000000d2500000|  0%| F|  |TS  0|AC  0|TAMS 0x00000000d2400000, 0x00000000d2400000|
|  25|0x00000000d2500000, 0x00000000d2500000, 0x00000000d2600000|  0%| F|  |TS  0|AC  0|TAMS 0x00000000d2500000, 0x00000000d2500000|
|  26|0x00000000d2600000, 0x00000000d2600000, 0x00000000d2700000|  0%| F|  |TS  0|AC  0|TAMS 0x00000000d2600000, 0x00000000d2600000|
|  27|0x00000000d2700000, 0x00000000d2700000, 0x00000000d2800000|  0%| F|  |TS  0|AC  0|TAMS 0x00000000d2700000, 0x00000000d2700000|
|  28|0x00000000d2800000, 0x00000000d2800000, 0x00000000d2900000|  0%| F|  |TS  0|AC  0|TAMS 0x00000000d2800000, 0x00000000d2800000|
|  29|0x00000000d2900000, 0x00000000d29af1a0, 0x00000000d2a00000| 68%| S|CS|TS  3|AC  0|TAMS 0x00000000d2900000, 0x00000000d2900000|
|  30|0x00000000d2a00000, 0x00000000d2a00000, 0x00000000d2b00000|  0%| F|  |TS  3|AC  0|TAMS 0x00000000d2a00000, 0x00000000d2a00000|
|  31|0x00000000d2b00000, 0x00000000d2b00000, 0x00000000d2c00000|  0%| F|  |TS  3|AC  0|TAMS 0x00000000d2b00000, 0x00000000d2b00000|
|  32|0x00000000d2c00000, 0x00000000d2d00000, 0x00000000d2d00000|100%| S|CS|TS  3|AC  0|TAMS 0x00000000d2c00000, 0x00000000d2c00000|
|  33|0x00000000d2d00000, 0x00000000d2d00000, 0x00000000d2e00000|  0%| F|  |TS  3|AC  0|TAMS 0x00000000d2d00000, 0x00000000d2d00000|
|  34|0x00000000d2e00000, 0x00000000d2e00000, 0x00000000d2f00000|  0%| F|  |TS  3|AC  0|TAMS 0x00000000d2e00000, 0x00000000d2e00000|
|  35|0x00000000d2f00000, 0x00000000d2f00000, 0x00000000d3000000|  0%| F|  |TS  3|AC  0|TAMS 0x00000000d2f00000, 0x00000000d2f00000|
|  36|0x00000000d3000000, 0x00000000d3000000, 0x00000000d3100000|  0%| F|  |TS  3|AC  0|TAMS 0x00000000d3000000, 0x00000000d3000000|
|  37|0x00000000d3100000, 0x00000000d3100000, 0x00000000d3200000|  0%| F|  |TS  3|AC  0|TAMS 0x00000000d3100000, 0x00000000d3100000|
|  38|0x00000000d3200000, 0x00000000d3200000, 0x00000000d3300000|  0%| F|  |TS  3|AC  0|TAMS 0x00000000d3200000, 0x00000000d3200000|
|  39|0x00000000d3300000, 0x00000000d3300000, 0x00000000d3400000|  0%| F|  |TS  3|AC  0|TAMS 0x00000000d3300000, 0x00000000d3300000|
|  40|0x00000000d3400000, 0x00000000d3400000, 0x00000000d3500000|  0%| F|  |TS  3|AC  0|TAMS 0x00000000d3400000, 0x00000000d3400000|
|  41|0x00000000d3500000, 0x00000000d3500000, 0x00000000d3600000|  0%| F|  |TS  3|AC  0|TAMS 0x00000000d3500000, 0x00000000d3500000|
|  42|0x00000000d3600000, 0x00000000d3600000, 0x00000000d3700000|  0%| F|  |TS  3|AC  0|TAMS 0x00000000d3600000, 0x00000000d3600000|
|  43|0x00000000d3700000, 0x00000000d3700000, 0x00000000d3800000|  0%| F|  |TS  3|AC  0|TAMS 0x00000000d3700000, 0x00000000d3700000|
|  44|0x00000000d3800000, 0x00000000d3800000, 0x00000000d3900000|  0%| F|  |TS  3|AC  0|TAMS 0x00000000d3800000, 0x00000000d3800000|
|  45|0x00000000d3900000, 0x00000000d3900000, 0x00000000d3a00000|  0%| F|  |TS  3|AC  0|TAMS 0x00000000d3900000, 0x00000000d3900000|
|  46|0x00000000d3a00000, 0x00000000d3a00000, 0x00000000d3b00000|  0%| F|  |TS  3|AC  0|TAMS 0x00000000d3a00000, 0x00000000d3a00000|
|  47|0x00000000d3b00000, 0x00000000d3c00000, 0x00000000d3c00000|100%| E|  |TS  3|AC  0|TAMS 0x00000000d3b00000, 0x00000000d3b00000|

Card table byte_map: [0x00007f7fc864a000,0x00007f7fc87c4000] byte_map_base: 0x00007f7fc7fc4000

Marking Bits (Prev, Next): (CMBitMap*) 0x00007f7fc4055958, (CMBitMap*) 0x00007f7fc4055920
 Prev Bits: [0x00007f7faa387000, 0x00007f7faaf57000)
 Next Bits: [0x00007f7faaf57000, 0x00007f7fabb27000)

Polling page: 0x00007f7fccc39000

CodeHeap 'non-profiled nmethods': size=120036Kb used=910Kb max_used=910Kb free=119125Kb
 bounds [0x00007f7fb35ee000, 0x00007f7fb385e000, 0x00007f7fbab27000]
CodeHeap 'profiled nmethods': size=120032Kb used=4398Kb max_used=4398Kb free=115633Kb
 bounds [0x00007f7fac0b6000, 0x00007f7fac506000, 0x00007f7fb35ee000]
CodeHeap 'non-nmethods': size=5692Kb used=1353Kb max_used=1368Kb free=4338Kb
 bounds [0x00007f7fabb27000, 0x00007f7fabd97000, 0x00007f7fac0b6000]
 total_blobs=3755 nmethods=2372 adapters=755
 compilation: enabled

Compilation events (10 events):
Event: 8,672 Thread 0x00007f7fc4106000 2441       1       com.bulletphysics.util.ObjectArrayList::size (5 bytes)
Event: 8,672 Thread 0x00007f7fc4106000 nmethod 2441 0x00007f7fb36d1590 code [0x00007f7fb36d1740, 0x00007f7fb36d1850]
Event: 8,676 Thread 0x00007f7fc4106000 2442   !   3       jdk.internal.loader.BuiltinClassLoader$2::run (114 bytes)
Event: 8,677 Thread 0x00007f7fc4106000 nmethod 2442 0x00007f7fac501110 code [0x00007f7fac5013e0, 0x00007f7fac5022d8]
Event: 8,677 Thread 0x00007f7fc4104000 2443       4       sun.nio.fs.UnixPath::checkNotNul (16 bytes)
Event: 8,677 Thread 0x00007f7fc4104000 nmethod 2443 0x00007f7fb36d1910 code [0x00007f7fb36d1aa0, 0x00007f7fb36d1af8]
Event: 8,678 Thread 0x00007f7fc4106000 2444       3       java.io.BufferedReader::readLine (6 bytes)
Event: 8,678 Thread 0x00007f7fc4106000 nmethod 2444 0x00007f7fac502810 code [0x00007f7fac5029c0, 0x00007f7fac502b68]
Event: 8,678 Thread 0x00007f7fc4106000 2445   !   3       java.io.BufferedReader::ready (117 bytes)
Event: 8,679 Thread 0x00007f7fc4106000 nmethod 2445 0x00007f7fac502c10 code [0x00007f7fac502e40, 0x00007f7fac503658]

GC Heap History (10 events):
Event: 2,419 GC heap before
{Heap before GC invocations=1 (full 0):
 garbage-first heap   total 49152K, used 5515K [0x00000000d0c00000, 0x0000000100000000)
  region size 1024K, 4 young (4096K), 1 survivors (1024K)
 Metaspace       used 12027K, capacity 12290K, committed 12544K, reserved 1060864K
  class space    used 1143K, capacity 1269K, committed 1280K, reserved 1048576K
}
Event: 2,425 GC heap after
{Heap after GC invocations=2 (full 0):
 garbage-first heap   total 49152K, used 3256K [0x00000000d0c00000, 0x0000000100000000)
  region size 1024K, 1 young (1024K), 1 survivors (1024K)
 Metaspace       used 12027K, capacity 12290K, committed 12544K, reserved 1060864K
  class space    used 1143K, capacity 1269K, committed 1280K, reserved 1048576K
}
Event: 3,681 GC heap before
{Heap before GC invocations=2 (full 0):
 garbage-first heap   total 49152K, used 14520K [0x00000000d0c00000, 0x0000000100000000)
  region size 1024K, 11 young (11264K), 1 survivors (1024K)
 Metaspace       used 20586K, capacity 21068K, committed 21296K, reserved 1069056K
  class space    used 2197K, capacity 2467K, committed 2560K, reserved 1048576K
}
Event: 3,723 GC heap after
{Heap after GC invocations=3 (full 0):
 garbage-first heap   total 49152K, used 6764K [0x00000000d0c00000, 0x0000000100000000)
  region size 1024K, 2 young (2048K), 2 survivors (2048K)
 Metaspace       used 20586K, capacity 21068K, committed 21296K, reserved 1069056K
  class space    used 2197K, capacity 2467K, committed 2560K, reserved 1048576K
}
Event: 6,280 GC heap before
{Heap before GC invocations=4 (full 0):
 garbage-first heap   total 49152K, used 19052K [0x00000000d0c00000, 0x0000000100000000)
  region size 1024K, 14 young (14336K), 2 survivors (2048K)
 Metaspace       used 26895K, capacity 27492K, committed 27776K, reserved 1073152K
  class space    used 2810K, capacity 3136K, committed 3200K, reserved 1048576K
}
Event: 6,332 GC heap after
{Heap after GC invocations=5 (full 0):
 garbage-first heap   total 49152K, used 8997K [0x00000000d0c00000, 0x0000000100000000)
  region size 1024K, 2 young (2048K), 2 survivors (2048K)
 Metaspace       used 26895K, capacity 27492K, committed 27776K, reserved 1073152K
  class space    used 2810K, capacity 3136K, committed 3200K, reserved 1048576K
}
Event: 7,816 GC heap before
{Heap before GC invocations=5 (full 0):
 garbage-first heap   total 49152K, used 23333K [0x00000000d0c00000, 0x0000000100000000)
  region size 1024K, 16 young (16384K), 2 survivors (2048K)
 Metaspace       used 31485K, capacity 32122K, committed 32512K, reserved 1079296K
  class space    used 3243K, capacity 3565K, committed 3584K, reserved 1048576K
}
Event: 7,829 GC heap after
{Heap after GC invocations=6 (full 0):
 garbage-first heap   total 49152K, used 10327K [0x00000000d0c00000, 0x0000000100000000)
  region size 1024K, 2 young (2048K), 2 survivors (2048K)
 Metaspace       used 31485K, capacity 32122K, committed 32512K, reserved 1079296K
  class space    used 3243K, capacity 3565K, committed 3584K, reserved 1048576K
}
Event: 8,639 GC heap before
{Heap before GC invocations=6 (full 0):
 garbage-first heap   total 49152K, used 34903K [0x00000000d0c00000, 0x0000000100000000)
  region size 1024K, 17 young (17408K), 2 survivors (2048K)
 Metaspace       used 32788K, capacity 33410K, committed 33664K, reserved 1079296K
  class space    used 3377K, capacity 3694K, committed 3712K, reserved 1048576K
}
Event: 8,645 GC heap after
{Heap after GC invocations=7 (full 0):
 garbage-first heap   total 49152K, used 10846K [0x00000000d0c00000, 0x0000000100000000)
  region size 1024K, 2 young (2048K), 2 survivors (2048K)
 Metaspace       used 32788K, capacity 33410K, committed 33664K, reserved 1079296K
  class space    used 3377K, capacity 3694K, committed 3712K, reserved 1048576K
}

Deoptimization events (10 events):
Event: 5,284 Thread 0x00007f7fc4012800 Uncommon trap: reason=unstable_if action=reinterpret pc=0x00007f7fb361e3c4 method=java.lang.AbstractStringBuilder.append(Ljava/lang/String;)Ljava/lang/AbstractStringBuilder; @ 1 c2
Event: 5,409 Thread 0x00007f7fc4012800 Uncommon trap: reason=unstable_if action=reinterpret pc=0x00007f7fb367e040 method=java.lang.StringLatin1.canEncode(I)Z @ 4 c2
Event: 5,409 Thread 0x00007f7fc4012800 Uncommon trap: reason=unstable_if action=reinterpret pc=0x00007f7fb36309ac method=java.lang.AbstractStringBuilder.isLatin1()Z @ 10 c2
Event: 5,409 Thread 0x00007f7fc4012800 Uncommon trap: reason=unstable_if action=reinterpret pc=0x00007f7fb3670778 method=java.lang.AbstractStringBuilder.isLatin1()Z @ 10 c2
Event: 6,725 Thread 0x00007f7fc44a6800 Uncommon trap: reason=intrinsic_or_type_checked_inlining action=make_not_entrant pc=0x00007f7fb36993d8 method=java.util.Arrays.copyOf([Ljava/lang/Object;ILjava/lang/Class;)[Ljava/lang/Object; @ 35 c2
Event: 6,939 Thread 0x00007f7fc44a6800 Uncommon trap: reason=unstable_if action=reinterpret pc=0x00007f7fb3693ba4 method=java.lang.AbstractStringBuilder.putStringAt(ILjava/lang/String;)V @ 8 c2
Event: 6,939 Thread 0x00007f7fc44a6800 Uncommon trap: reason=unstable_if action=reinterpret pc=0x00007f7fb369282c method=java.lang.AbstractStringBuilder.putStringAt(ILjava/lang/String;)V @ 8 c2
Event: 6,939 Thread 0x00007f7fc44a6800 Uncommon trap: reason=unstable_if action=reinterpret pc=0x00007f7fb364156c method=java.lang.String.getBytes([BIB)V @ 5 c2
Event: 6,940 Thread 0x00007f7fc44a6800 Uncommon trap: reason=unstable_if action=reinterpret pc=0x00007f7fb366dad0 method=java.lang.AbstractStringBuilder.isLatin1()Z @ 10 c2
Event: 8,298 Thread 0x00007f7fc44c8800 Uncommon trap: reason=predicate action=maybe_recompile pc=0x00007f7fb3674d48 method=java.util.TreeMap.getEntryUsingComparator(Ljava/lang/Object;)Ljava/util/TreeMap$Entry; @ 22 c2

Classes redefined (0 events):
No events

Internal exceptions (10 events):
Event: 7,498 Thread 0x00007f7f9c3f2800 Exception <a 'java/security/PrivilegedActionException'{0x00000000d307d198}> (0x00000000d307d198) thrown at [/build/openjdk-lts-tXWsoM/openjdk-lts-10.0.1+10/src/hotspot/share/prims/jvm.cpp, line 1345]
Event: 7,505 Thread 0x00007f7f9c3f2800 Exception <a 'java/security/PrivilegedActionException'{0x00000000d308ac80}> (0x00000000d308ac80) thrown at [/build/openjdk-lts-tXWsoM/openjdk-lts-10.0.1+10/src/hotspot/share/prims/jvm.cpp, line 1345]
Event: 7,506 Thread 0x00007f7f9c3f2800 Exception <a 'java/security/PrivilegedActionException'{0x00000000d308b840}> (0x00000000d308b840) thrown at [/build/openjdk-lts-tXWsoM/openjdk-lts-10.0.1+10/src/hotspot/share/prims/jvm.cpp, line 1345]
Event: 7,506 Thread 0x00007f7f9c3f2800 Exception <a 'java/security/PrivilegedActionException'{0x00000000d308c3c0}> (0x00000000d308c3c0) thrown at [/build/openjdk-lts-tXWsoM/openjdk-lts-10.0.1+10/src/hotspot/share/prims/jvm.cpp, line 1345]
Event: 7,506 Thread 0x00007f7f9c3f2800 Exception <a 'java/security/PrivilegedActionException'{0x00000000d308def0}> (0x00000000d308def0) thrown at [/build/openjdk-lts-tXWsoM/openjdk-lts-10.0.1+10/src/hotspot/share/prims/jvm.cpp, line 1345]
Event: 7,506 Thread 0x00007f7f9c3f2800 Exception <a 'java/security/PrivilegedActionException'{0x00000000d308eab0}> (0x00000000d308eab0) thrown at [/build/openjdk-lts-tXWsoM/openjdk-lts-10.0.1+10/src/hotspot/share/prims/jvm.cpp, line 1345]
Event: 7,506 Thread 0x00007f7f9c3f2800 Exception <a 'java/security/PrivilegedActionException'{0x00000000d308f630}> (0x00000000d308f630) thrown at [/build/openjdk-lts-tXWsoM/openjdk-lts-10.0.1+10/src/hotspot/share/prims/jvm.cpp, line 1345]
Event: 7,506 Thread 0x00007f7f9c3f2800 Exception <a 'java/security/PrivilegedActionException'{0x00000000d3090f20}> (0x00000000d3090f20) thrown at [/build/openjdk-lts-tXWsoM/openjdk-lts-10.0.1+10/src/hotspot/share/prims/jvm.cpp, line 1345]
Event: 7,506 Thread 0x00007f7f9c3f2800 Exception <a 'java/security/PrivilegedActionException'{0x00000000d3091ae0}> (0x00000000d3091ae0) thrown at [/build/openjdk-lts-tXWsoM/openjdk-lts-10.0.1+10/src/hotspot/share/prims/jvm.cpp, line 1345]
Event: 7,506 Thread 0x00007f7f9c3f2800 Exception <a 'java/security/PrivilegedActionException'{0x00000000d3092660}> (0x00000000d3092660) thrown at [/build/openjdk-lts-tXWsoM/openjdk-lts-10.0.1+10/src/hotspot/share/prims/jvm.cpp, line 1345]

Events (10 events):
Event: 8,682 loading class com/jme3/util/NativeObjectManager$NativeObjectRef
Event: 8,682 loading class com/jme3/util/NativeObjectManager$NativeObjectRef done
Event: 8,682 loading class com/jme3/renderer/lwjgl/TextureUtil
Event: 8,682 loading class com/jme3/renderer/lwjgl/TextureUtil done
Event: 8,683 loading class com/jme3/renderer/lwjgl/TextureUtil$GLImageFormat
Event: 8,683 loading class com/jme3/renderer/lwjgl/TextureUtil$GLImageFormat done
Event: 8,683 loading class com/jme3/renderer/lwjgl/TextureUtil$1
Event: 8,683 loading class com/jme3/renderer/lwjgl/TextureUtil$1 done
Event: 8,683 loading class org/lwjgl/opengl/GLChecks
Event: 8,683 loading class org/lwjgl/opengl/GLChecks done


Dynamic libraries:
d0c00000-d3c00000 rw-p 00000000 00:00 0 
d3c00000-100000000 ---p 00000000 00:00 0 
100000000-1003a0000 rw-p 00000000 00:00 0 
1003a0000-140000000 ---p 00000000 00:00 0 
564926e0c000-564926e0d000 r-xp 00000000 08:01 525078                     /usr/lib/jvm/java-11-openjdk-amd64/bin/java
56492700d000-56492700e000 r--p 00001000 08:01 525078                     /usr/lib/jvm/java-11-openjdk-amd64/bin/java
56492700e000-56492700f000 rw-p 00002000 08:01 525078                     /usr/lib/jvm/java-11-openjdk-amd64/bin/java
56492771b000-56492773c000 rw-p 00000000 00:00 0                          [heap]
7f7f48922000-7f7f48c23000 rw-p 00000000 00:00 0 
7f7f48c23000-7f7f48c8a000 r-xp 00000000 08:01 532982                     /usr/lib/x86_64-linux-gnu/libjpeg.so.8.1.2
7f7f48c8a000-7f7f48e89000 ---p 00067000 08:01 532982                     /usr/lib/x86_64-linux-gnu/libjpeg.so.8.1.2
7f7f48e89000-7f7f48e8a000 r--p 00066000 08:01 532982                     /usr/lib/x86_64-linux-gnu/libjpeg.so.8.1.2
7f7f48e8a000-7f7f48e8b000 rw-p 00067000 08:01 532982                     /usr/lib/x86_64-linux-gnu/libjpeg.so.8.1.2
7f7f48e8b000-7f7f48e95000 r-xp 00000000 08:01 525469                     /usr/lib/jvm/java-11-openjdk-amd64/lib/libjavajpeg.so
7f7f48e95000-7f7f49095000 ---p 0000a000 08:01 525469                     /usr/lib/jvm/java-11-openjdk-amd64/lib/libjavajpeg.so
7f7f49095000-7f7f49096000 r--p 0000a000 08:01 525469                     /usr/lib/jvm/java-11-openjdk-amd64/lib/libjavajpeg.so
7f7f49096000-7f7f49097000 rw-p 0000b000 08:01 525469                     /usr/lib/jvm/java-11-openjdk-amd64/lib/libjavajpeg.so
7f7f49097000-7f7f49518000 rw-p 00000000 00:00 0 
7f7f49518000-7f7f49598000 ---p 00000000 00:00 0 
7f7f49598000-7f7f49599000 ---p 00000000 00:00 0 
7f7f49599000-7f7f49699000 rw-p 00000000 00:00 0 
7f7f49699000-7f7f4d699000 rw-s 00000000 00:05 26539                      /memfd:pulseaudio (deleted)
7f7f4d699000-7f7f51699000 rw-s 00000000 00:05 23758                      /memfd:pulseaudio (deleted)
7f7f51699000-7f7f55699000 rw-s 00000000 00:05 25372                      /memfd:pulseaudio (deleted)
7f7f55699000-7f7f59699000 rw-s 00000000 00:05 25372                      /memfd:pulseaudio (deleted)
7f7f59699000-7f7f5969a000 ---p 00000000 00:00 0 
7f7f5969a000-7f7f59e9a000 rw-p 00000000 00:00 0 
7f7f59e9a000-7f7f59eae000 r-xp 00000000 08:01 267906                     /lib/x86_64-linux-gnu/libgpg-error.so.0.22.0
7f7f59eae000-7f7f5a0ad000 ---p 00014000 08:01 267906                     /lib/x86_64-linux-gnu/libgpg-error.so.0.22.0
7f7f5a0ad000-7f7f5a0ae000 r--p 00013000 08:01 267906                     /lib/x86_64-linux-gnu/libgpg-error.so.0.22.0
7f7f5a0ae000-7f7f5a0af000 rw-p 00014000 08:01 267906                     /lib/x86_64-linux-gnu/libgpg-error.so.0.22.0
7f7f5a0af000-7f7f5a13c000 r-xp 00000000 08:01 533472                     /usr/lib/x86_64-linux-gnu/libvorbisenc.so.2.0.11
7f7f5a13c000-7f7f5a33b000 ---p 0008d000 08:01 533472                     /usr/lib/x86_64-linux-gnu/libvorbisenc.so.2.0.11
7f7f5a33b000-7f7f5a357000 r--p 0008c000 08:01 533472                     /usr/lib/x86_64-linux-gnu/libvorbisenc.so.2.0.11
7f7f5a357000-7f7f5a358000 rw-p 000a8000 08:01 533472                     /usr/lib/x86_64-linux-gnu/libvorbisenc.so.2.0.11
7f7f5a358000-7f7f5a382000 r-xp 00000000 08:01 533470                     /usr/lib/x86_64-linux-gnu/libvorbis.so.0.4.8
7f7f5a382000-7f7f5a581000 ---p 0002a000 08:01 533470                     /usr/lib/x86_64-linux-gnu/libvorbis.so.0.4.8
7f7f5a581000-7f7f5a582000 r--p 00029000 08:01 533470                     /usr/lib/x86_64-linux-gnu/libvorbis.so.0.4.8
7f7f5a582000-7f7f5a583000 rw-p 0002a000 08:01 533470                     /usr/lib/x86_64-linux-gnu/libvorbis.so.0.4.8
7f7f5a583000-7f7f5a58a000 r-xp 00000000 08:01 533129                     /usr/lib/x86_64-linux-gnu/libogg.so.0.8.2
7f7f5a58a000-7f7f5a78a000 ---p 00007000 08:01 533129                     /usr/lib/x86_64-linux-gnu/libogg.so.0.8.2
7f7f5a78a000-7f7f5a78b000 r--p 00007000 08:01 533129                     /usr/lib/x86_64-linux-gnu/libogg.so.0.8.2
7f7f5a78b000-7f7f5a78c000 rw-p 00008000 08:01 533129                     /usr/lib/x86_64-linux-gnu/libogg.so.0.8.2
7f7f5a78c000-7f7f5a801000 r-xp 00000000 08:01 532150                     /usr/lib/x86_64-linux-gnu/libFLAC.so.8.3.0
7f7f5a801000-7f7f5aa01000 ---p 00075000 08:01 532150                     /usr/lib/x86_64-linux-gnu/libFLAC.so.8.3.0
7f7f5aa01000-7f7f5aa02000 r--p 00075000 08:01 532150                     /usr/lib/x86_64-linux-gnu/libFLAC.so.8.3.0
7f7f5aa02000-7f7f5aa03000 rw-p 00076000 08:01 532150                     /usr/lib/x86_64-linux-gnu/libFLAC.so.8.3.0
7f7f5aa03000-7f7f5ab17000 r-xp 00000000 08:01 267904                     /lib/x86_64-linux-gnu/libgcrypt.so.20.2.1
7f7f5ab17000-7f7f5ad16000 ---p 00114000 08:01 267904                     /lib/x86_64-linux-gnu/libgcrypt.so.20.2.1
7f7f5ad16000-7f7f5ad18000 r--p 00113000 08:01 267904                     /lib/x86_64-linux-gnu/libgcrypt.so.20.2.1
7f7f5ad18000-7f7f5ad1d000 rw-p 00115000 08:01 267904                     /lib/x86_64-linux-gnu/libgcrypt.so.20.2.1
7f7f5ad1d000-7f7f5ad1e000 rw-p 00000000 00:00 0 
7f7f5ad1e000-7f7f5ad39000 r-xp 00000000 08:01 533028                     /usr/lib/x86_64-linux-gnu/liblz4.so.1.7.1
7f7f5ad39000-7f7f5af38000 ---p 0001b000 08:01 533028                     /usr/lib/x86_64-linux-gnu/liblz4.so.1.7.1
7f7f5af38000-7f7f5af39000 r--p 0001a000 08:01 533028                     /usr/lib/x86_64-linux-gnu/liblz4.so.1.7.1
7f7f5af39000-7f7f5af3a000 rw-p 0001b000 08:01 533028                     /usr/lib/x86_64-linux-gnu/liblz4.so.1.7.1
7f7f5af3a000-7f7f5af5e000 r-xp 00000000 08:01 267925                     /lib/x86_64-linux-gnu/liblzma.so.5.2.2
7f7f5af5e000-7f7f5b15e000 ---p 00024000 08:01 267925                     /lib/x86_64-linux-gnu/liblzma.so.5.2.2
7f7f5b15e000-7f7f5b15f000 r--p 00024000 08:01 267925                     /lib/x86_64-linux-gnu/liblzma.so.5.2.2
7f7f5b15f000-7f7f5b160000 rw-p 00025000 08:01 267925                     /lib/x86_64-linux-gnu/liblzma.so.5.2.2
7f7f5b160000-7f7f5b165000 r-xp 00000000 08:01 532318                     /usr/lib/x86_64-linux-gnu/libasyncns.so.0.3.1
7f7f5b165000-7f7f5b364000 ---p 00005000 08:01 532318                     /usr/lib/x86_64-linux-gnu/libasyncns.so.0.3.1
7f7f5b364000-7f7f5b365000 r--p 00004000 08:01 532318                     /usr/lib/x86_64-linux-gnu/libasyncns.so.0.3.1
7f7f5b365000-7f7f5b366000 rw-p 00005000 08:01 532318                     /usr/lib/x86_64-linux-gnu/libasyncns.so.0.3.1
7f7f5b366000-7f7f5b3da000 r-xp 00000000 08:01 533331                     /usr/lib/x86_64-linux-gnu/libsndfile.so.1.0.28
7f7f5b3da000-7f7f5b5d9000 ---p 00074000 08:01 533331                     /usr/lib/x86_64-linux-gnu/libsndfile.so.1.0.28
7f7f5b5d9000-7f7f5b5dc000 r--p 00073000 08:01 533331                     /usr/lib/x86_64-linux-gnu/libsndfile.so.1.0.28
7f7f5b5dc000-7f7f5b5dd000 rw-p 00076000 08:01 533331                     /usr/lib/x86_64-linux-gnu/libsndfile.so.1.0.28
7f7f5b5dd000-7f7f5b5df000 rw-p 00000000 00:00 0 
7f7f5b5df000-7f7f5b5e7000 r-xp 00000000 08:01 268037                     /lib/x86_64-linux-gnu/libwrap.so.0.7.6
7f7f5b5e7000-7f7f5b7e7000 ---p 00008000 08:01 268037                     /lib/x86_64-linux-gnu/libwrap.so.0.7.6
7f7f5b7e7000-7f7f5b7e8000 r--p 00008000 08:01 268037                     /lib/x86_64-linux-gnu/libwrap.so.0.7.6
7f7f5b7e8000-7f7f5b7e9000 rw-p 00009000 08:01 268037                     /lib/x86_64-linux-gnu/libwrap.so.0.7.6
7f7f5b7e9000-7f7f5b869000 r-xp 00000000 08:01 268019                     /lib/x86_64-linux-gnu/libsystemd.so.0.21.0
7f7f5b869000-7f7f5ba68000 ---p 00080000 08:01 268019                     /lib/x86_64-linux-gnu/libsystemd.so.0.21.0
7f7f5ba68000-7f7f5ba6b000 r--p 0007f000 08:01 268019                     /lib/x86_64-linux-gnu/libsystemd.so.0.21.0
7f7f5ba6b000-7f7f5ba6c000 rw-p 00082000 08:01 268019                     /lib/x86_64-linux-gnu/libsystemd.so.0.21.0
7f7f5ba6c000-7f7f5ba6d000 rw-p 00000000 00:00 0 
7f7f5ba6d000-7f7f5bab8000 r-xp 00000000 08:01 267880                     /lib/x86_64-linux-gnu/libdbus-1.so.3.19.4
7f7f5bab8000-7f7f5bcb8000 ---p 0004b000 08:01 267880                     /lib/x86_64-linux-gnu/libdbus-1.so.3.19.4
7f7f5bcb8000-7f7f5bcb9000 r--p 0004b000 08:01 267880                     /lib/x86_64-linux-gnu/libdbus-1.so.3.19.4
7f7f5bcb9000-7f7f5bcba000 rw-p 0004c000 08:01 267880                     /lib/x86_64-linux-gnu/libdbus-1.so.3.19.4
7f7f5bcba000-7f7f5bd36000 r-xp 00000000 08:01 663146                     /usr/lib/x86_64-linux-gnu/pulseaudio/libpulsecommon-11.1.so
7f7f5bd36000-7f7f5bf35000 ---p 0007c000 08:01 663146                     /usr/lib/x86_64-linux-gnu/pulseaudio/libpulsecommon-11.1.so
7f7f5bf35000-7f7f5bf37000 r--p 0007b000 08:01 663146                     /usr/lib/x86_64-linux-gnu/pulseaudio/libpulsecommon-11.1.so
7f7f5bf37000-7f7f5bf38000 rw-p 0007d000 08:01 663146                     /usr/lib/x86_64-linux-gnu/pulseaudio/libpulsecommon-11.1.so
7f7f5bf38000-7f7f5bf86000 r-xp 00000000 08:01 533230                     /usr/lib/x86_64-linux-gnu/libpulse.so.0.20.2
7f7f5bf86000-7f7f5c185000 ---p 0004e000 08:01 533230                     /usr/lib/x86_64-linux-gnu/libpulse.so.0.20.2
7f7f5c185000-7f7f5c187000 r--p 0004d000 08:01 533230                     /usr/lib/x86_64-linux-gnu/libpulse.so.0.20.2
7f7f5c187000-7f7f5c188000 rw-p 0004f000 08:01 533230                     /usr/lib/x86_64-linux-gnu/libpulse.so.0.20.2
7f7f5c188000-7f7f5c1da000 r-xp 00000000 08:01 927362                     /home/cmt/Documents/eclipse-workspace/Duel/libopenal64.so
7f7f5c1da000-7f7f5c3d9000 ---p 00052000 08:01 927362                     /home/cmt/Documents/eclipse-workspace/Duel/libopenal64.so
7f7f5c3d9000-7f7f5c3db000 r--p 00051000 08:01 927362                     /home/cmt/Documents/eclipse-workspace/Duel/libopenal64.so
7f7f5c3db000-7f7f5c3dc000 rw-p 00053000 08:01 927362                     /home/cmt/Documents/eclipse-workspace/Duel/libopenal64.so
7f7f5c3dc000-7f7f5c3dd000 rw-p 00000000 00:00 0 
7f7f5c3dd000-7f7f5c3e1000 ---p 00000000 00:00 0 
7f7f5c3e1000-7f7f5c4de000 rw-p 00000000 00:00 0 
7f7f5c4de000-7f7f5c4e2000 ---p 00000000 00:00 0 
7f7f5c4e2000-7f7f5c5df000 rw-p 00000000 00:00 0 
7f7f5c5df000-7f7f5c5e3000 ---p 00000000 00:00 0 
7f7f5c5e3000-7f7f5c6e0000 rw-p 00000000 00:00 0 
7f7f5c6e0000-7f7f5c6e4000 ---p 00000000 00:00 0 
7f7f5c6e4000-7f7f5c9e1000 rw-p 00000000 00:00 0 
7f7f5c9e1000-7f7f5c9e5000 ---p 00000000 00:00 0 
7f7f5c9e5000-7f7f5cae2000 rw-p 00000000 00:00 0 
7f7f5cae2000-7f7f5cae6000 ---p 00000000 00:00 0 
7f7f5cae6000-7f7f5cbe3000 rw-p 00000000 00:00 0 
7f7f5cbe3000-7f7f5cbe7000 ---p 00000000 00:00 0 
7f7f5cbe7000-7f7f5cce4000 rw-p 00000000 00:00 0 
7f7f5cce4000-7f7f5cce8000 ---p 00000000 00:00 0 
7f7f5cce8000-7f7f5cde5000 rw-p 00000000 00:00 0 
7f7f5cde5000-7f7f5cde9000 ---p 00000000 00:00 0 
7f7f5cde9000-7f7f5cee6000 rw-p 00000000 00:00 0 
7f7f5cee6000-7f7f5ceea000 ---p 00000000 00:00 0 
7f7f5ceea000-7f7f5d1e7000 rw-p 00000000 00:00 0 
7f7f5d1e7000-7f7f5e1e7000 rw-s 10763b000 00:06 353                       /dev/dri/card0
7f7f5e1e7000-7f7f5e1eb000 ---p 00000000 00:00 0 
7f7f5e1eb000-7f7f5e2e8000 rw-p 00000000 00:00 0 
7f7f5e2e8000-7f7f5e30d000 r-xp 00000000 08:01 267937                     /lib/x86_64-linux-gnu/libtinfo.so.5.9
7f7f5e30d000-7f7f5e50d000 ---p 00025000 08:01 267937                     /lib/x86_64-linux-gnu/libtinfo.so.5.9
7f7f5e50d000-7f7f5e511000 r--p 00025000 08:01 267937                     /lib/x86_64-linux-gnu/libtinfo.so.5.9
7f7f5e511000-7f7f5e512000 rw-p 00029000 08:01 267937                     /lib/x86_64-linux-gnu/libtinfo.so.5.9
7f7f5e512000-7f7f5e543000 r-xp 00000000 08:01 532580                     /usr/lib/x86_64-linux-gnu/libedit.so.2.0.56
7f7f5e543000-7f7f5e742000 ---p 00031000 08:01 532580                     /usr/lib/x86_64-linux-gnu/libedit.so.2.0.56
7f7f5e742000-7f7f5e744000 r--p 00030000 08:01 532580                     /usr/lib/x86_64-linux-gnu/libedit.so.2.0.56
7f7f5e744000-7f7f5e745000 rw-p 00032000 08:01 532580                     /usr/lib/x86_64-linux-gnu/libedit.so.2.0.56
7f7f5e745000-7f7f5e749000 rw-p 00000000 00:00 0 
7f7f5e749000-7f7f61e0b000 r-xp 00000000 08:01 532187                     /usr/lib/x86_64-linux-gnu/libLLVM-6.0.so.1
7f7f61e0b000-7f7f61e0c000 ---p 036c2000 08:01 532187                     /usr/lib/x86_64-linux-gnu/libLLVM-6.0.so.1
7f7f61e0c000-7f7f6217c000 r--p 036c2000 08:01 532187                     /usr/lib/x86_64-linux-gnu/libLLVM-6.0.so.1
7f7f6217c000-7f7f6218a000 rw-p 03a32000 08:01 532187                     /usr/lib/x86_64-linux-gnu/libLLVM-6.0.so.1
7f7f6218a000-7f7f621e5000 rw-p 00000000 00:00 0 
7f7f621e5000-7f7f621fe000 r-xp 00000000 08:01 532585                     /usr/lib/x86_64-linux-gnu/libelf-0.170.so
7f7f621fe000-7f7f623fd000 ---p 00019000 08:01 532585                     /usr/lib/x86_64-linux-gnu/libelf-0.170.so
7f7f623fd000-7f7f623fe000 r--p 00018000 08:01 532585                     /usr/lib/x86_64-linux-gnu/libelf-0.170.so
7f7f623fe000-7f7f623ff000 rw-p 00019000 08:01 532585                     /usr/lib/x86_64-linux-gnu/libelf-0.170.so
7f7f623ff000-7f7f62408000 r-xp 00000000 08:01 532552                     /usr/lib/x86_64-linux-gnu/libdrm_amdgpu.so.1.0.0
7f7f62408000-7f7f62607000 ---p 00009000 08:01 532552                     /usr/lib/x86_64-linux-gnu/libdrm_amdgpu.so.1.0.0
7f7f62607000-7f7f62608000 r--p 00008000 08:01 532552                     /usr/lib/x86_64-linux-gnu/libdrm_amdgpu.so.1.0.0
7f7f62608000-7f7f62609000 rw-p 00009000 08:01 532552                     /usr/lib/x86_64-linux-gnu/libdrm_amdgpu.so.1.0.0
7f7f62609000-7f7f62614000 r-xp 00000000 08:01 532558                     /usr/lib/x86_64-linux-gnu/libdrm_radeon.so.1.0.1
7f7f62614000-7f7f62813000 ---p 0000b000 08:01 532558                     /usr/lib/x86_64-linux-gnu/libdrm_radeon.so.1.0.1
7f7f62813000-7f7f62814000 r--p 0000a000 08:01 532558                     /usr/lib/x86_64-linux-gnu/libdrm_radeon.so.1.0.1
7f7f62814000-7f7f62815000 rw-p 0000b000 08:01 532558                     /usr/lib/x86_64-linux-gnu/libdrm_radeon.so.1.0.1
7f7f62815000-7f7f6281c000 r-xp 00000000 08:01 532556                     /usr/lib/x86_64-linux-gnu/libdrm_nouveau.so.2.0.0
7f7f6281c000-7f7f62a1b000 ---p 00007000 08:01 532556                     /usr/lib/x86_64-linux-gnu/libdrm_nouveau.so.2.0.0
7f7f62a1b000-7f7f62a1c000 r--p 00006000 08:01 532556                     /usr/lib/x86_64-linux-gnu/libdrm_nouveau.so.2.0.0
7f7f62a1c000-7f7f62a1d000 rw-p 00007000 08:01 532556                     /usr/lib/x86_64-linux-gnu/libdrm_nouveau.so.2.0.0
7f7f62a1d000-7f7f62a2b000 r-xp 00000000 08:01 533310                     /usr/lib/x86_64-linux-gnu/libsensors.so.4.4.0
7f7f62a2b000-7f7f62c2a000 ---p 0000e000 08:01 533310                     /usr/lib/x86_64-linux-gnu/libsensors.so.4.4.0
7f7f62c2a000-7f7f62c2b000 r--p 0000d000 08:01 533310                     /usr/lib/x86_64-linux-gnu/libsensors.so.4.4.0
7f7f62c2b000-7f7f62c2c000 rw-p 0000e000 08:01 533310                     /usr/lib/x86_64-linux-gnu/libsensors.so.4.4.0
7f7f62c2c000-7f7f636b4000 r-xp 00000000 08:01 660700                     /usr/lib/x86_64-linux-gnu/dri/vmwgfx_dri.so
7f7f636b4000-7f7f638b4000 ---p 00a88000 08:01 660700                     /usr/lib/x86_64-linux-gnu/dri/vmwgfx_dri.so
7f7f638b4000-7f7f63909000 r--p 00a88000 08:01 660700                     /usr/lib/x86_64-linux-gnu/dri/vmwgfx_dri.so
7f7f63909000-7f7f63912000 rw-p 00add000 08:01 660700                     /usr/lib/x86_64-linux-gnu/dri/vmwgfx_dri.so
7f7f63912000-7f7f63b0b000 rw-p 00000000 00:00 0 
7f7f63b0b000-7f7f63b1b000 r-xp 00000000 08:01 532550                     /usr/lib/x86_64-linux-gnu/libdrm.so.2.4.0
7f7f63b1b000-7f7f63d1a000 ---p 00010000 08:01 532550                     /usr/lib/x86_64-linux-gnu/libdrm.so.2.4.0
7f7f63d1a000-7f7f63d1b000 r--p 0000f000 08:01 532550                     /usr/lib/x86_64-linux-gnu/libdrm.so.2.4.0
7f7f63d1b000-7f7f63d1c000 rw-p 00010000 08:01 532550                     /usr/lib/x86_64-linux-gnu/libdrm.so.2.4.0
7f7f63d1c000-7f7f63d20000 r-xp 00000000 08:01 533531                     /usr/lib/x86_64-linux-gnu/libxcb-dri2.so.0.0.0
7f7f63d20000-7f7f63f1f000 ---p 00004000 08:01 533531                     /usr/lib/x86_64-linux-gnu/libxcb-dri2.so.0.0.0
7f7f63f1f000-7f7f63f20000 r--p 00003000 08:01 533531                     /usr/lib/x86_64-linux-gnu/libxcb-dri2.so.0.0.0
7f7f63f20000-7f7f63f21000 rw-p 00004000 08:01 533531                     /usr/lib/x86_64-linux-gnu/libxcb-dri2.so.0.0.0
7f7f63f21000-7f7f63f39000 r-xp 00000000 08:01 533535                     /usr/lib/x86_64-linux-gnu/libxcb-glx.so.0.0.0
7f7f63f39000-7f7f64139000 ---p 00018000 08:01 533535                     /usr/lib/x86_64-linux-gnu/libxcb-glx.so.0.0.0
7f7f64139000-7f7f6413b000 r--p 00018000 08:01 533535                     /usr/lib/x86_64-linux-gnu/libxcb-glx.so.0.0.0
7f7f6413b000-7f7f6413c000 rw-p 0001a000 08:01 533535                     /usr/lib/x86_64-linux-gnu/libxcb-glx.so.0.0.0
7f7f6413c000-7f7f6413d000 r-xp 00000000 08:01 532224                     /usr/lib/x86_64-linux-gnu/libX11-xcb.so.1.0.0
7f7f6413d000-7f7f6433c000 ---p 00001000 08:01 532224                     /usr/lib/x86_64-linux-gnu/libX11-xcb.so.1.0.0
7f7f6433c000-7f7f6433d000 r--p 00000000 08:01 532224                     /usr/lib/x86_64-linux-gnu/libX11-xcb.so.1.0.0
7f7f6433d000-7f7f6433e000 rw-p 00001000 08:01 532224                     /usr/lib/x86_64-linux-gnu/libX11-xcb.so.1.0.0
7f7f6433e000-7f7f64340000 r-xp 00000000 08:01 532239                     /usr/lib/x86_64-linux-gnu/libXdamage.so.1.1.0
7f7f64340000-7f7f6453f000 ---p 00002000 08:01 532239                     /usr/lib/x86_64-linux-gnu/libXdamage.so.1.1.0
7f7f6453f000-7f7f64540000 r--p 00001000 08:01 532239                     /usr/lib/x86_64-linux-gnu/libXdamage.so.1.1.0
7f7f64540000-7f7f64541000 rw-p 00002000 08:01 532239                     /usr/lib/x86_64-linux-gnu/libXdamage.so.1.1.0
7f7f64541000-7f7f6456d000 r-xp 00000000 08:01 532735                     /usr/lib/x86_64-linux-gnu/libglapi.so.0.0.0
7f7f6456d000-7f7f6476c000 ---p 0002c000 08:01 532735                     /usr/lib/x86_64-linux-gnu/libglapi.so.0.0.0
7f7f6476c000-7f7f64770000 r--p 0002b000 08:01 532735                     /usr/lib/x86_64-linux-gnu/libglapi.so.0.0.0
7f7f64770000-7f7f64771000 rw-p 0002f000 08:01 532735                     /usr/lib/x86_64-linux-gnu/libglapi.so.0.0.0
7f7f64771000-7f7f64772000 rw-p 00000000 00:00 0 
7f7f64772000-7f7f64773000 r-xp 00000000 08:01 533608                     /usr/lib/x86_64-linux-gnu/libxshmfence.so.1.0.0
7f7f64773000-7f7f64972000 ---p 00001000 08:01 533608                     /usr/lib/x86_64-linux-gnu/libxshmfence.so.1.0.0
7f7f64972000-7f7f64973000 r--p 00000000 08:01 533608                     /usr/lib/x86_64-linux-gnu/libxshmfence.so.1.0.0
7f7f64973000-7f7f64974000 rw-p 00001000 08:01 533608                     /usr/lib/x86_64-linux-gnu/libxshmfence.so.1.0.0
7f7f64974000-7f7f64979000 r-xp 00000000 08:01 533555                     /usr/lib/x86_64-linux-gnu/libxcb-sync.so.1.0.0
7f7f64979000-7f7f64b79000 ---p 00005000 08:01 533555                     /usr/lib/x86_64-linux-gnu/libxcb-sync.so.1.0.0
7f7f64b79000-7f7f64b7a000 r--p 00005000 08:01 533555                     /usr/lib/x86_64-linux-gnu/libxcb-sync.so.1.0.0
7f7f64b7a000-7f7f64b7b000 rw-p 00006000 08:01 533555                     /usr/lib/x86_64-linux-gnu/libxcb-sync.so.1.0.0
7f7f64b7b000-7f7f64b7d000 r-xp 00000000 08:01 533543                     /usr/lib/x86_64-linux-gnu/libxcb-present.so.0.0.0
7f7f64b7d000-7f7f64d7c000 ---p 00002000 08:01 533543                     /usr/lib/x86_64-linux-gnu/libxcb-present.so.0.0.0
7f7f64d7c000-7f7f64d7d000 r--p 00001000 08:01 533543                     /usr/lib/x86_64-linux-gnu/libxcb-present.so.0.0.0
7f7f64d7d000-7f7f64d7e000 rw-p 00002000 08:01 533543                     /usr/lib/x86_64-linux-gnu/libxcb-present.so.0.0.0
7f7f64d7e000-7f7f64d81000 r-xp 00000000 08:01 533533                     /usr/lib/x86_64-linux-gnu/libxcb-dri3.so.0.0.0
7f7f64d81000-7f7f64f80000 ---p 00003000 08:01 533533                     /usr/lib/x86_64-linux-gnu/libxcb-dri3.so.0.0.0
7f7f64f80000-7f7f64f81000 r--p 00002000 08:01 533533                     /usr/lib/x86_64-linux-gnu/libxcb-dri3.so.0.0.0
7f7f64f81000-7f7f64f82000 rw-p 00003000 08:01 533533                     /usr/lib/x86_64-linux-gnu/libxcb-dri3.so.0.0.0
7f7f64f82000-7f7f64fb1000 r-xp 00000000 08:01 267895                     /lib/x86_64-linux-gnu/libexpat.so.1.6.7
7f7f64fb1000-7f7f651b1000 ---p 0002f000 08:01 267895                     /lib/x86_64-linux-gnu/libexpat.so.1.6.7
7f7f651b1000-7f7f651b3000 r--p 0002f000 08:01 267895                     /lib/x86_64-linux-gnu/libexpat.so.1.6.7
7f7f651b3000-7f7f651b4000 rw-p 00031000 08:01 267895                     /lib/x86_64-linux-gnu/libexpat.so.1.6.7
7f7f651b4000-7f7f65224000 r-xp 00000000 08:01 532161                     /usr/lib/x86_64-linux-gnu/libGLX_mesa.so.0.0.0
7f7f65224000-7f7f65423000 ---p 00070000 08:01 532161                     /usr/lib/x86_64-linux-gnu/libGLX_mesa.so.0.0.0
7f7f65423000-7f7f65426000 r--p 0006f000 08:01 532161                     /usr/lib/x86_64-linux-gnu/libGLX_mesa.so.0.0.0
7f7f65426000-7f7f65427000 rw-p 00072000 08:01 532161                     /usr/lib/x86_64-linux-gnu/libGLX_mesa.so.0.0.0
7f7f65427000-7f7f65428000 rw-p 00000000 00:00 0 
7f7f65428000-7f7f6542c000 ---p 00000000 00:00 0 
7f7f6542c000-7f7f65529000 rw-p 00000000 00:00 0 
7f7f65529000-7f7f6552d000 ---p 00000000 00:00 0 
7f7f6552d000-7f7f6562a000 rw-p 00000000 00:00 0 
7f7f6562a000-7f7f6562b000 r-xp 00000000 08:01 525461                     /usr/lib/jvm/java-11-openjdk-amd64/lib/libextnet.so
7f7f6562b000-7f7f6582a000 ---p 00001000 08:01 525461                     /usr/lib/jvm/java-11-openjdk-amd64/lib/libextnet.so
7f7f6582a000-7f7f6582b000 r--p 00000000 08:01 525461                     /usr/lib/jvm/java-11-openjdk-amd64/lib/libextnet.so
7f7f6582b000-7f7f6582c000 rw-p 00001000 08:01 525461                     /usr/lib/jvm/java-11-openjdk-amd64/lib/libextnet.so
7f7f6582c000-7f7f6589a000 r-xp 00000000 08:01 532163                     /usr/lib/x86_64-linux-gnu/libGLdispatch.so.0.0.0
7f7f6589a000-7f7f65a99000 ---p 0006e000 08:01 532163                     /usr/lib/x86_64-linux-gnu/libGLdispatch.so.0.0.0
7f7f65a99000-7f7f65ac1000 r--p 0006d000 08:01 532163                     /usr/lib/x86_64-linux-gnu/libGLdispatch.so.0.0.0
7f7f65ac1000-7f7f65ac2000 rw-p 00095000 08:01 532163                     /usr/lib/x86_64-linux-gnu/libGLdispatch.so.0.0.0
7f7f65ac2000-7f7f65ae2000 rw-p 00000000 00:00 0 
7f7f65ae2000-7f7f65af2000 r-xp 00000000 08:01 532158                     /usr/lib/x86_64-linux-gnu/libGLX.so.0.0.0
7f7f65af2000-7f7f65cf1000 ---p 00010000 08:01 532158                     /usr/lib/x86_64-linux-gnu/libGLX.so.0.0.0
7f7f65cf1000-7f7f65cf2000 r--p 0000f000 08:01 532158                     /usr/lib/x86_64-linux-gnu/libGLX.so.0.0.0
7f7f65cf2000-7f7f65cf3000 rw-p 00010000 08:01 532158                     /usr/lib/x86_64-linux-gnu/libGLX.so.0.0.0
7f7f65cf3000-7f7f65d13000 rw-p 00000000 00:00 0 
7f7f65d13000-7f7f65d84000 r-xp 00000000 08:01 532152                     /usr/lib/x86_64-linux-gnu/libGL.so.1.0.0
7f7f65d84000-7f7f65f83000 ---p 00071000 08:01 532152                     /usr/lib/x86_64-linux-gnu/libGL.so.1.0.0
7f7f65f83000-7f7f65f9d000 r--p 00070000 08:01 532152                     /usr/lib/x86_64-linux-gnu/libGL.so.1.0.0
7f7f65f9d000-7f7f65f9e000 rw-p 0008a000 08:01 532152                     /usr/lib/x86_64-linux-gnu/libGL.so.1.0.0
7f7f65f9e000-7f7f6619f000 rw-p 00000000 00:00 0 
7f7f6619f000-7f7f661a3000 ---p 00000000 00:00 0 
7f7f661a3000-7f7f662a0000 rw-p 00000000 00:00 0 
7f7f662a0000-7f7f662a5000 r-xp 00000000 08:01 532279                     /usr/lib/x86_64-linux-gnu/libXxf86vm.so.1.0.0
7f7f662a5000-7f7f664a4000 ---p 00005000 08:01 532279                     /usr/lib/x86_64-linux-gnu/libXxf86vm.so.1.0.0
7f7f664a4000-7f7f664a5000 r--p 00004000 08:01 532279                     /usr/lib/x86_64-linux-gnu/libXxf86vm.so.1.0.0
7f7f664a5000-7f7f664a6000 rw-p 00005000 08:01 532279                     /usr/lib/x86_64-linux-gnu/libXxf86vm.so.1.0.0
7f7f664a6000-7f7f6650e000 r-xp 00000000 08:01 927361                     /home/cmt/Documents/eclipse-workspace/Duel/liblwjgl64.so
7f7f6650e000-7f7f6670e000 ---p 00068000 08:01 927361                     /home/cmt/Documents/eclipse-workspace/Duel/liblwjgl64.so
7f7f6670e000-7f7f66710000 r--p 00068000 08:01 927361                     /home/cmt/Documents/eclipse-workspace/Duel/liblwjgl64.so
7f7f66710000-7f7f66711000 rw-p 0006a000 08:01 927361                     /home/cmt/Documents/eclipse-workspace/Duel/liblwjgl64.so
7f7f66711000-7f7f66712000 r-xp 00000000 08:01 525470                     /usr/lib/jvm/java-11-openjdk-amd64/lib/libjawt.so
7f7f66712000-7f7f66911000 ---p 00001000 08:01 525470                     /usr/lib/jvm/java-11-openjdk-amd64/lib/libjawt.so
7f7f66911000-7f7f66912000 r--p 00000000 08:01 525470                     /usr/lib/jvm/java-11-openjdk-amd64/lib/libjawt.so
7f7f66912000-7f7f66913000 rw-p 00001000 08:01 525470                     /usr/lib/jvm/java-11-openjdk-amd64/lib/libjawt.so
7f7f66913000-7f7f66917000 ---p 00000000 00:00 0 
7f7f66917000-7f7f66c14000 rw-p 00000000 00:00 0 
7f7f66c14000-7f7f66c18000 ---p 00000000 00:00 0 
7f7f66c18000-7f7f66f15000 rw-p 00000000 00:00 0 
7f7f66f15000-7f7f67015000 rw-s 00000000 00:05 1343499                    /SYSV00000000 (deleted)
7f7f67015000-7f7f67215000 rw-p 00000000 00:00 0 
7f7f67215000-7f7f67415000 rw-p 00000000 00:00 0 
7f7f67415000-7f7f67419000 ---p 00000000 00:00 0 
7f7f67419000-7f7f67716000 rw-p 00000000 00:00 0 
7f7f67716000-7f7f6771a000 ---p 00000000 00:00 0 
7f7f6771a000-7f7f67a17000 rw-p 00000000 00:00 0 
7f7f67ada000-7f7f67adb000 r-xp 00000000 08:01 525483                     /usr/lib/jvm/java-11-openjdk-amd64/lib/libprefs.so
7f7f67adb000-7f7f67cdb000 ---p 00001000 08:01 525483                     /usr/lib/jvm/java-11-openjdk-amd64/lib/libprefs.so
7f7f67cdb000-7f7f67cdc000 r--p 00001000 08:01 525483                     /usr/lib/jvm/java-11-openjdk-amd64/lib/libprefs.so
7f7f67cdc000-7f7f67cdd000 rw-p 00002000 08:01 525483                     /usr/lib/jvm/java-11-openjdk-amd64/lib/libprefs.so
7f7f67cdd000-7f7f67ce1000 ---p 00000000 00:00 0 
7f7f67ce1000-7f7f67dde000 rw-p 00000000 00:00 0 
7f7f67dde000-7f7f67de2000 ---p 00000000 00:00 0 
7f7f67de2000-7f7f67edf000 rw-p 00000000 00:00 0 
7f7f67edf000-7f7f67ee3000 ---p 00000000 00:00 0 
7f7f67ee3000-7f7f67fe0000 rw-p 00000000 00:00 0 
7f7f67fe0000-7f7f67fe4000 ---p 00000000 00:00 0 
7f7f67fe4000-7f7f680e1000 rw-p 00000000 00:00 0 
7f7f680e1000-7f7f680e6000 r-xp 00000000 08:01 532245                     /usr/lib/x86_64-linux-gnu/libXfixes.so.3.1.0
7f7f680e6000-7f7f682e5000 ---p 00005000 08:01 532245                     /usr/lib/x86_64-linux-gnu/libXfixes.so.3.1.0
7f7f682e5000-7f7f682e6000 r--p 00004000 08:01 532245                     /usr/lib/x86_64-linux-gnu/libXfixes.so.3.1.0
7f7f682e6000-7f7f682e7000 rw-p 00005000 08:01 532245                     /usr/lib/x86_64-linux-gnu/libXfixes.so.3.1.0
7f7f682e7000-7f7f682f0000 r-xp 00000000 08:01 532237                     /usr/lib/x86_64-linux-gnu/libXcursor.so.1.0.2
7f7f682f0000-7f7f684ef000 ---p 00009000 08:01 532237                     /usr/lib/x86_64-linux-gnu/libXcursor.so.1.0.2
7f7f684ef000-7f7f684f0000 r--p 00008000 08:01 532237                     /usr/lib/x86_64-linux-gnu/libXcursor.so.1.0.2
7f7f684f0000-7f7f684f1000 rw-p 00009000 08:01 532237                     /usr/lib/x86_64-linux-gnu/libXcursor.so.1.0.2
7f7f684f1000-7f7f684f2000 ---p 00000000 00:00 0 
7f7f684f2000-7f7f68cf2000 rw-p 00000000 00:00 0 
7f7f68cf2000-7f7f68cf3000 ---p 00000000 00:00 0 
7f7f68cf3000-7f7f694f3000 rw-p 00000000 00:00 0 
7f7f694f3000-7f7f694f4000 ---p 00000000 00:00 0 
7f7f694f4000-7f7f69cf4000 rw-p 00000000 00:00 0 
7f7f69cf4000-7f7f69d0e000 r-xp 00000000 08:01 661462                     /usr/lib/x86_64-linux-gnu/gio/modules/libgioremote-volume-monitor.so
7f7f69d0e000-7f7f69f0d000 ---p 0001a000 08:01 661462                     /usr/lib/x86_64-linux-gnu/gio/modules/libgioremote-volume-monitor.so
7f7f69f0d000-7f7f69f10000 r--p 00019000 08:01 661462                     /usr/lib/x86_64-linux-gnu/gio/modules/libgioremote-volume-monitor.so
7f7f69f10000-7f7f69f11000 rw-p 0001c000 08:01 661462                     /usr/lib/x86_64-linux-gnu/gio/modules/libgioremote-volume-monitor.so
7f7f69f11000-7f7f69f47000 r-xp 00000000 08:01 662032                     /usr/lib/x86_64-linux-gnu/gvfs/libgvfscommon.so
7f7f69f47000-7f7f6a147000 ---p 00036000 08:01 662032                     /usr/lib/x86_64-linux-gnu/gvfs/libgvfscommon.so
7f7f6a147000-7f7f6a14d000 r--p 00036000 08:01 662032                     /usr/lib/x86_64-linux-gnu/gvfs/libgvfscommon.so
7f7f6a14d000-7f7f6a14e000 rw-p 0003c000 08:01 662032                     /usr/lib/x86_64-linux-gnu/gvfs/libgvfscommon.so
7f7f6a14e000-7f7f6a17f000 r-xp 00000000 08:01 661463                     /usr/lib/x86_64-linux-gnu/gio/modules/libgvfsdbus.so
7f7f6a17f000-7f7f6a37f000 ---p 00031000 08:01 661463                     /usr/lib/x86_64-linux-gnu/gio/modules/libgvfsdbus.so
7f7f6a37f000-7f7f6a381000 r--p 00031000 08:01 661463                     /usr/lib/x86_64-linux-gnu/gio/modules/libgvfsdbus.so
7f7f6a381000-7f7f6a382000 rw-p 00033000 08:01 661463                     /usr/lib/x86_64-linux-gnu/gio/modules/libgvfsdbus.so
7f7f6a382000-7f7f6a38e000 r-xp 00000000 08:01 661458                     /usr/lib/x86_64-linux-gnu/gio/modules/libdconfsettings.so
7f7f6a38e000-7f7f6a58d000 ---p 0000c000 08:01 661458                     /usr/lib/x86_64-linux-gnu/gio/modules/libdconfsettings.so
7f7f6a58d000-7f7f6a58e000 r--p 0000b000 08:01 661458                     /usr/lib/x86_64-linux-gnu/gio/modules/libdconfsettings.so
7f7f6a58e000-7f7f6a58f000 rw-p 0000c000 08:01 661458                     /usr/lib/x86_64-linux-gnu/gio/modules/libdconfsettings.so
7f7f6a58f000-7f7f6a595000 r-xp 00000000 08:01 268035                     /lib/x86_64-linux-gnu/libuuid.so.1.3.0
7f7f6a595000-7f7f6a794000 ---p 00006000 08:01 268035                     /lib/x86_64-linux-gnu/libuuid.so.1.3.0
7f7f6a794000-7f7f6a795000 r--p 00005000 08:01 268035                     /lib/x86_64-linux-gnu/libuuid.so.1.3.0
7f7f6a795000-7f7f6a796000 rw-p 00006000 08:01 268035                     /lib/x86_64-linux-gnu/libuuid.so.1.3.0
7f7f6a796000-7f7f6a7dd000 r-xp 00000000 08:01 267857                     /lib/x86_64-linux-gnu/libblkid.so.1.1.0
7f7f6a7dd000-7f7f6a9dd000 ---p 00047000 08:01 267857                     /lib/x86_64-linux-gnu/libblkid.so.1.1.0
7f7f6a9dd000-7f7f6a9e1000 r--p 00047000 08:01 267857                     /lib/x86_64-linux-gnu/libblkid.so.1.1.0
7f7f6a9e1000-7f7f6a9e2000 rw-p 0004b000 08:01 267857                     /lib/x86_64-linux-gnu/libblkid.so.1.1.0
7f7f6a9e2000-7f7f6a9e3000 rw-p 00000000 00:00 0 
7f7f6a9e3000-7f7f6aa53000 r-xp 00000000 08:01 267987                     /lib/x86_64-linux-gnu/libpcre.so.3.13.3
7f7f6aa53000-7f7f6ac53000 ---p 00070000 08:01 267987                     /lib/x86_64-linux-gnu/libpcre.so.3.13.3
7f7f6ac53000-7f7f6ac54000 r--p 00070000 08:01 267987                     /lib/x86_64-linux-gnu/libpcre.so.3.13.3
7f7f6ac54000-7f7f6ac55000 rw-p 00071000 08:01 267987                     /lib/x86_64-linux-gnu/libpcre.so.3.13.3
7f7f6ac55000-7f7f6ac5c000 r-xp 00000000 08:01 532625                     /usr/lib/x86_64-linux-gnu/libffi.so.6.0.4
7f7f6ac5c000-7f7f6ae5b000 ---p 00007000 08:01 532625                     /usr/lib/x86_64-linux-gnu/libffi.so.6.0.4
7f7f6ae5b000-7f7f6ae5c000 r--p 00006000 08:01 532625                     /usr/lib/x86_64-linux-gnu/libffi.so.6.0.4
7f7f6ae5c000-7f7f6ae5d000 rw-p 00007000 08:01 532625                     /usr/lib/x86_64-linux-gnu/libffi.so.6.0.4
7f7f6ae5d000-7f7f6aeae000 r-xp 00000000 08:01 267934                     /lib/x86_64-linux-gnu/libmount.so.1.1.0
7f7f6aeae000-7f7f6b0ad000 ---p 00051000 08:01 267934                     /lib/x86_64-linux-gnu/libmount.so.1.1.0
7f7f6b0ad000-7f7f6b0af000 r--p 00050000 08:01 267934                     /lib/x86_64-linux-gnu/libmount.so.1.1.0
7f7f6b0af000-7f7f6b0b0000 rw-p 00052000 08:01 267934                     /lib/x86_64-linux-gnu/libmount.so.1.1.0
7f7f6b0b0000-7f7f6b0b1000 rw-p 00000000 00:00 0 
7f7f6b0b1000-7f7f6b0c8000 r-xp 00000000 08:01 268004                     /lib/x86_64-linux-gnu/libresolv-2.27.so
7f7f6b0c8000-7f7f6b2c8000 ---p 00017000 08:01 268004                     /lib/x86_64-linux-gnu/libresolv-2.27.so
7f7f6b2c8000-7f7f6b2c9000 r--p 00017000 08:01 268004                     /lib/x86_64-linux-gnu/libresolv-2.27.so
7f7f6b2c9000-7f7f6b2ca000 rw-p 00018000 08:01 268004                     /lib/x86_64-linux-gnu/libresolv-2.27.so
7f7f6b2ca000-7f7f6b2cc000 rw-p 00000000 00:00 0 
7f7f6b2cc000-7f7f6b2f1000 r-xp 00000000 08:01 268010                     /lib/x86_64-linux-gnu/libselinux.so.1
7f7f6b2f1000-7f7f6b4f0000 ---p 00025000 08:01 268010                     /lib/x86_64-linux-gnu/libselinux.so.1
7f7f6b4f0000-7f7f6b4f1000 r--p 00024000 08:01 268010                     /lib/x86_64-linux-gnu/libselinux.so.1
7f7f6b4f1000-7f7f6b4f2000 rw-p 00025000 08:01 268010                     /lib/x86_64-linux-gnu/libselinux.so.1
7f7f6b4f2000-7f7f6b4f4000 rw-p 00000000 00:00 0 
7f7f6b4f4000-7f7f6b607000 r-xp 00000000 08:01 532737                     /usr/lib/x86_64-linux-gnu/libglib-2.0.so.0.5600.1
7f7f6b607000-7f7f6b807000 ---p 00113000 08:01 532737                     /usr/lib/x86_64-linux-gnu/libglib-2.0.so.0.5600.1
7f7f6b807000-7f7f6b808000 r--p 00113000 08:01 532737                     /usr/lib/x86_64-linux-gnu/libglib-2.0.so.0.5600.1
7f7f6b808000-7f7f6b809000 rw-p 00114000 08:01 532737                     /usr/lib/x86_64-linux-gnu/libglib-2.0.so.0.5600.1
7f7f6b809000-7f7f6b80a000 rw-p 00000000 00:00 0 
7f7f6b80a000-7f7f6b80d000 r-xp 00000000 08:01 532749                     /usr/lib/x86_64-linux-gnu/libgmodule-2.0.so.0.5600.1
7f7f6b80d000-7f7f6ba0c000 ---p 00003000 08:01 532749                     /usr/lib/x86_64-linux-gnu/libgmodule-2.0.so.0.5600.1
7f7f6ba0c000-7f7f6ba0d000 r--p 00002000 08:01 532749                     /usr/lib/x86_64-linux-gnu/libgmodule-2.0.so.0.5600.1
7f7f6ba0d000-7f7f6ba0e000 rw-p 00003000 08:01 532749                     /usr/lib/x86_64-linux-gnu/libgmodule-2.0.so.0.5600.1
7f7f6ba0e000-7f7f6ba60000 r-xp 00000000 08:01 532767                     /usr/lib/x86_64-linux-gnu/libgobject-2.0.so.0.5600.1
7f7f6ba60000-7f7f6bc60000 ---p 00052000 08:01 532767                     /usr/lib/x86_64-linux-gnu/libgobject-2.0.so.0.5600.1
7f7f6bc60000-7f7f6bc61000 r--p 00052000 08:01 532767                     /usr/lib/x86_64-linux-gnu/libgobject-2.0.so.0.5600.1
7f7f6bc61000-7f7f6bc62000 rw-p 00053000 08:01 532767                     /usr/lib/x86_64-linux-gnu/libgobject-2.0.so.0.5600.1
7f7f6bc62000-7f7f6bdf6000 r-xp 00000000 08:01 532727                     /usr/lib/x86_64-linux-gnu/libgio-2.0.so.0.5600.1
7f7f6bdf6000-7f7f6bff6000 ---p 00194000 08:01 532727                     /usr/lib/x86_64-linux-gnu/libgio-2.0.so.0.5600.1
7f7f6bff6000-7f7f6bffd000 r--p 00194000 08:01 532727                     /usr/lib/x86_64-linux-gnu/libgio-2.0.so.0.5600.1
7f7f6bffd000-7f7f6bffe000 rw-p 0019b000 08:01 532727                     /usr/lib/x86_64-linux-gnu/libgio-2.0.so.0.5600.1
7f7f6bffe000-7f7f6c000000 rw-p 00000000 00:00 0 
7f7f6c000000-7f7f6c581000 rw-p 00000000 00:00 0 
7f7f6c581000-7f7f70000000 ---p 00000000 00:00 0 
7f7f70000000-7f7f70021000 rw-p 00000000 00:00 0 
7f7f70021000-7f7f74000000 ---p 00000000 00:00 0 
7f7f74000000-7f7f74021000 rw-p 00000000 00:00 0 
7f7f74021000-7f7f78000000 ---p 00000000 00:00 0 
7f7f78000000-7f7f78d15000 rw-p 00000000 00:00 0 
7f7f78d15000-7f7f7c000000 ---p 00000000 00:00 0 
7f7f7c000000-7f7f7c021000 rw-p 00000000 00:00 0 
7f7f7c021000-7f7f80000000 ---p 00000000 00:00 0 
7f7f80000000-7f7f80021000 rw-p 00000000 00:00 0 
7f7f80021000-7f7f84000000 ---p 00000000 00:00 0 
7f7f84000000-7f7f8405c000 rw-p 00000000 00:00 0 
7f7f8405c000-7f7f88000000 ---p 00000000 00:00 0 
7f7f880be000-7f7f880de000 rw-s 00000000 08:01 728302                     /home/cmt/#728302 (deleted)
7f7f880de000-7f7f880fe000 r-xs 00000000 08:01 728302                     /home/cmt/#728302 (deleted)
7f7f880fe000-7f7f88147000 r--p 00000000 08:01 402486                     /usr/share/glib-2.0/schemas/gschemas.compiled
7f7f88147000-7f7f88151000 r-xp 00000000 08:01 532261                     /usr/lib/x86_64-linux-gnu/libXrandr.so.2.2.0
7f7f88151000-7f7f88350000 ---p 0000a000 08:01 532261                     /usr/lib/x86_64-linux-gnu/libXrandr.so.2.2.0
7f7f88350000-7f7f88351000 r--p 00009000 08:01 532261                     /usr/lib/x86_64-linux-gnu/libXrandr.so.2.2.0
7f7f88351000-7f7f88352000 rw-p 0000a000 08:01 532261                     /usr/lib/x86_64-linux-gnu/libXrandr.so.2.2.0
7f7f88352000-7f7f88383000 r-xp 00000000 08:01 533204                     /usr/lib/x86_64-linux-gnu/libpng16.so.16.34.0
7f7f88383000-7f7f88582000 ---p 00031000 08:01 533204                     /usr/lib/x86_64-linux-gnu/libpng16.so.16.34.0
7f7f88582000-7f7f88583000 r--p 00030000 08:01 533204                     /usr/lib/x86_64-linux-gnu/libpng16.so.16.34.0
7f7f88583000-7f7f88584000 rw-p 00031000 08:01 533204                     /usr/lib/x86_64-linux-gnu/libpng16.so.16.34.0
7f7f88584000-7f7f88631000 r-xp 00000000 08:01 532655                     /usr/lib/x86_64-linux-gnu/libfreetype.so.6.15.0
7f7f88631000-7f7f88830000 ---p 000ad000 08:01 532655                     /usr/lib/x86_64-linux-gnu/libfreetype.so.6.15.0
7f7f88830000-7f7f88837000 r--p 000ac000 08:01 532655                     /usr/lib/x86_64-linux-gnu/libfreetype.so.6.15.0
7f7f88837000-7f7f88838000 rw-p 000b3000 08:01 532655                     /usr/lib/x86_64-linux-gnu/libfreetype.so.6.15.0
7f7f88838000-7f7f888cd000 r-xp 00000000 08:01 525462                     /usr/lib/jvm/java-11-openjdk-amd64/lib/libfontmanager.so
7f7f888cd000-7f7f88acd000 ---p 00095000 08:01 525462                     /usr/lib/jvm/java-11-openjdk-amd64/lib/libfontmanager.so
7f7f88acd000-7f7f88ace000 r--p 00095000 08:01 525462                     /usr/lib/jvm/java-11-openjdk-amd64/lib/libfontmanager.so
7f7f88ace000-7f7f88acf000 rw-p 00096000 08:01 525462                     /usr/lib/jvm/java-11-openjdk-amd64/lib/libfontmanager.so
7f7f88acf000-7f7f88cd0000 rw-p 00000000 00:00 0 
7f7f88cd0000-7f7f88ce3000 r-xp 00000000 08:01 267861                     /lib/x86_64-linux-gnu/libbsd.so.0.8.7
7f7f88ce3000-7f7f88ee2000 ---p 00013000 08:01 267861                     /lib/x86_64-linux-gnu/libbsd.so.0.8.7
7f7f88ee2000-7f7f88ee3000 r--p 00012000 08:01 267861                     /lib/x86_64-linux-gnu/libbsd.so.0.8.7
7f7f88ee3000-7f7f88ee4000 rw-p 00013000 08:01 267861                     /lib/x86_64-linux-gnu/libbsd.so.0.8.7
7f7f88ee4000-7f7f88ee5000 rw-p 00000000 00:00 0 
7f7f88ee5000-7f7f88eea000 r-xp 00000000 08:01 532241                     /usr/lib/x86_64-linux-gnu/libXdmcp.so.6.0.0
7f7f88eea000-7f7f890e9000 ---p 00005000 08:01 532241                     /usr/lib/x86_64-linux-gnu/libXdmcp.so.6.0.0
7f7f890e9000-7f7f890ea000 r--p 00004000 08:01 532241                     /usr/lib/x86_64-linux-gnu/libXdmcp.so.6.0.0
7f7f890ea000-7f7f890eb000 rw-p 00005000 08:01 532241                     /usr/lib/x86_64-linux-gnu/libXdmcp.so.6.0.0
7f7f890eb000-7f7f890ed000 r-xp 00000000 08:01 532230                     /usr/lib/x86_64-linux-gnu/libXau.so.6.0.0
7f7f890ed000-7f7f892ed000 ---p 00002000 08:01 532230                     /usr/lib/x86_64-linux-gnu/libXau.so.6.0.0
7f7f892ed000-7f7f892ee000 r--p 00002000 08:01 532230                     /usr/lib/x86_64-linux-gnu/libXau.so.6.0.0
7f7f892ee000-7f7f892ef000 rw-p 00003000 08:01 532230                     /usr/lib/x86_64-linux-gnu/libXau.so.6.0.0
7f7f892ef000-7f7f89315000 r-xp 00000000 08:01 533567                     /usr/lib/x86_64-linux-gnu/libxcb.so.1.1.0
7f7f89315000-7f7f89515000 ---p 00026000 08:01 533567                     /usr/lib/x86_64-linux-gnu/libxcb.so.1.1.0
7f7f89515000-7f7f89516000 r--p 00026000 08:01 533567                     /usr/lib/x86_64-linux-gnu/libxcb.so.1.1.0
7f7f89516000-7f7f89517000 rw-p 00027000 08:01 533567                     /usr/lib/x86_64-linux-gnu/libxcb.so.1.1.0
7f7f89517000-7f7f89526000 r-xp 00000000 08:01 532251                     /usr/lib/x86_64-linux-gnu/libXi.so.6.1.0
7f7f89526000-7f7f89725000 ---p 0000f000 08:01 532251                     /usr/lib/x86_64-linux-gnu/libXi.so.6.1.0
7f7f89725000-7f7f89726000 r--p 0000e000 08:01 532251                     /usr/lib/x86_64-linux-gnu/libXi.so.6.1.0
7f7f89726000-7f7f89727000 rw-p 0000f000 08:01 532251                     /usr/lib/x86_64-linux-gnu/libXi.so.6.1.0
7f7f89727000-7f7f8972c000 r-xp 00000000 08:01 532269                     /usr/lib/x86_64-linux-gnu/libXtst.so.6.1.0
7f7f8972c000-7f7f8992b000 ---p 00005000 08:01 532269                     /usr/lib/x86_64-linux-gnu/libXtst.so.6.1.0
7f7f8992b000-7f7f8992c000 r--p 00004000 08:01 532269                     /usr/lib/x86_64-linux-gnu/libXtst.so.6.1.0
7f7f8992c000-7f7f8992d000 rw-p 00005000 08:01 532269                     /usr/lib/x86_64-linux-gnu/libXtst.so.6.1.0
7f7f8992d000-7f7f89936000 r-xp 00000000 08:01 532263                     /usr/lib/x86_64-linux-gnu/libXrender.so.1.3.0
7f7f89936000-7f7f89b35000 ---p 00009000 08:01 532263                     /usr/lib/x86_64-linux-gnu/libXrender.so.1.3.0
7f7f89b35000-7f7f89b36000 r--p 00008000 08:01 532263                     /usr/lib/x86_64-linux-gnu/libXrender.so.1.3.0
7f7f89b36000-7f7f89b37000 rw-p 00009000 08:01 532263                     /usr/lib/x86_64-linux-gnu/libXrender.so.1.3.0
7f7f89b37000-7f7f89c6b000 r-xp 00000000 08:01 532226                     /usr/lib/x86_64-linux-gnu/libX11.so.6.3.0
7f7f89c6b000-7f7f89e6b000 ---p 00134000 08:01 532226                     /usr/lib/x86_64-linux-gnu/libX11.so.6.3.0
7f7f89e6b000-7f7f89e6c000 r--p 00134000 08:01 532226                     /usr/lib/x86_64-linux-gnu/libX11.so.6.3.0
7f7f89e6c000-7f7f89e70000 rw-p 00135000 08:01 532226                     /usr/lib/x86_64-linux-gnu/libX11.so.6.3.0
7f7f89e70000-7f7f89e81000 r-xp 00000000 08:01 532243                     /usr/lib/x86_64-linux-gnu/libXext.so.6.4.0
7f7f89e81000-7f7f8a080000 ---p 00011000 08:01 532243                     /usr/lib/x86_64-linux-gnu/libXext.so.6.4.0
7f7f8a080000-7f7f8a081000 r--p 00010000 08:01 532243                     /usr/lib/x86_64-linux-gnu/libXext.so.6.4.0
7f7f8a081000-7f7f8a082000 rw-p 00011000 08:01 532243                     /usr/lib/x86_64-linux-gnu/libXext.so.6.4.0
7f7f8a082000-7f7f8a0e1000 r-xp 00000000 08:01 525459                     /usr/lib/jvm/java-11-openjdk-amd64/lib/libawt_xawt.so
7f7f8a0e1000-7f7f8a2e0000 ---p 0005f000 08:01 525459                     /usr/lib/jvm/java-11-openjdk-amd64/lib/libawt_xawt.so
7f7f8a2e0000-7f7f8a2e1000 r--p 0005e000 08:01 525459                     /usr/lib/jvm/java-11-openjdk-amd64/lib/libawt_xawt.so
7f7f8a2e1000-7f7f8a2e4000 rw-p 0005f000 08:01 525459                     /usr/lib/jvm/java-11-openjdk-amd64/lib/libawt_xawt.so
7f7f8a2e4000-7f7f8a2e6000 rw-p 00000000 00:00 0 
7f7f8a2e6000-7f7f8a386000 r-xp 00000000 08:01 525457                     /usr/lib/jvm/java-11-openjdk-amd64/lib/libawt.so
7f7f8a386000-7f7f8a586000 ---p 000a0000 08:01 525457                     /usr/lib/jvm/java-11-openjdk-amd64/lib/libawt.so
7f7f8a586000-7f7f8a587000 r--p 000a0000 08:01 525457                     /usr/lib/jvm/java-11-openjdk-amd64/lib/libawt.so
7f7f8a587000-7f7f8a592000 rw-p 000a1000 08:01 525457                     /usr/lib/jvm/java-11-openjdk-amd64/lib/libawt.so
7f7f8a592000-7f7f8a5b7000 rw-p 00000000 00:00 0 
7f7f8a5b7000-7f7f8a5cd000 r-xp 00000000 08:01 525481                     /usr/lib/jvm/java-11-openjdk-amd64/lib/libnet.so
7f7f8a5cd000-7f7f8a7cd000 ---p 00016000 08:01 525481                     /usr/lib/jvm/java-11-openjdk-amd64/lib/libnet.so
7f7f8a7cd000-7f7f8a7ce000 r--p 00016000 08:01 525481                     /usr/lib/jvm/java-11-openjdk-amd64/lib/libnet.so
7f7f8a7ce000-7f7f8a7cf000 rw-p 00017000 08:01 525481                     /usr/lib/jvm/java-11-openjdk-amd64/lib/libnet.so
7f7f8a7cf000-7f7f8a7e0000 r-xp 00000000 08:01 525482                     /usr/lib/jvm/java-11-openjdk-amd64/lib/libnio.so
7f7f8a7e0000-7f7f8a9df000 ---p 00011000 08:01 525482                     /usr/lib/jvm/java-11-openjdk-amd64/lib/libnio.so
7f7f8a9df000-7f7f8a9e0000 r--p 00010000 08:01 525482                     /usr/lib/jvm/java-11-openjdk-amd64/lib/libnio.so
7f7f8a9e0000-7f7f8a9e1000 rw-p 00011000 08:01 525482                     /usr/lib/jvm/java-11-openjdk-amd64/lib/libnio.so
7f7f8a9e1000-7f7f8a9e5000 ---p 00000000 00:00 0 
7f7f8a9e5000-7f7f8aae2000 rw-p 00000000 00:00 0 
7f7f8aae2000-7f7f8aae3000 ---p 00000000 00:00 0 
7f7f8aae3000-7f7f8abe4000 rw-p 00000000 00:00 0 
7f7f8abe4000-7f7f8abe8000 ---p 00000000 00:00 0 
7f7f8abe8000-7f7f8ace5000 rw-p 00000000 00:00 0 
7f7f8ace5000-7f7f8ace9000 ---p 00000000 00:00 0 
7f7f8ace9000-7f7f8ade6000 rw-p 00000000 00:00 0 
7f7f8ade6000-7f7f8adea000 ---p 00000000 00:00 0 
7f7f8adea000-7f7f8aee7000 rw-p 00000000 00:00 0 
7f7f8aee7000-7f7f8aeeb000 ---p 00000000 00:00 0 
7f7f8aeeb000-7f7f8afe8000 rw-p 00000000 00:00 0 
7f7f8afe8000-7f7f8afec000 ---p 00000000 00:00 0 
7f7f8afec000-7f7f8b0e9000 rw-p 00000000 00:00 0 
7f7f8b0e9000-7f7f8b4fc000 r--p 00000000 08:01 529823                     /usr/lib/locale/locale-archive
7f7f8b4fc000-7f7f8b500000 ---p 00000000 00:00 0 
7f7f8b500000-7f7f8b5fd000 rw-p 00000000 00:00 0 
7f7f8b5fd000-7f7f8b601000 ---p 00000000 00:00 0 
7f7f8b601000-7f7f8b6fe000 rw-p 00000000 00:00 0 
7f7f8b6fe000-7f7f8b6ff000 ---p 00000000 00:00 0 
7f7f8b6ff000-7f7f8c000000 rw-p 00000000 00:00 0 
7f7f8c000000-7f7f8c357000 rw-p 00000000 00:00 0 
7f7f8c357000-7f7f90000000 ---p 00000000 00:00 0 
7f7f90000000-7f7f90021000 rw-p 00000000 00:00 0 
7f7f90021000-7f7f94000000 ---p 00000000 00:00 0 
7f7f94000000-7f7f94021000 rw-p 00000000 00:00 0 
7f7f94021000-7f7f98000000 ---p 00000000 00:00 0 
7f7f98000000-7f7f98041000 rw-p 00000000 00:00 0 
7f7f98041000-7f7f9c000000 ---p 00000000 00:00 0 
7f7f9c000000-7f7f9c5f7000 rw-p 00000000 00:00 0 
7f7f9c5f7000-7f7fa0000000 ---p 00000000 00:00 0 
7f7fa0000000-7f7fa0021000 rw-p 00000000 00:00 0 
7f7fa0021000-7f7fa4000000 ---p 00000000 00:00 0 
7f7fa4000000-7f7fa4168000 rw-p 00000000 00:00 0 
7f7fa4168000-7f7fa8000000 ---p 00000000 00:00 0 
7f7fa8009000-7f7fa8016000 r--p 00000000 08:01 726852                     /usr/share/locale-langpack/fr/LC_MESSAGES/pulseaudio.mo
7f7fa8016000-7f7fa801a000 ---p 00000000 00:00 0 
7f7fa801a000-7f7fa8038000 rw-p 00000000 00:00 0 
7f7fa8038000-7f7fa8081000 r--p 00000000 08:01 402486                     /usr/share/glib-2.0/schemas/gschemas.compiled
7f7fa8081000-7f7fa8082000 ---p 00000000 00:00 0 
7f7fa8082000-7f7fa8183000 rw-p 00000000 00:00 0 
7f7fa8183000-7f7fa8184000 ---p 00000000 00:00 0 
7f7fa8184000-7f7fa8285000 rw-p 00000000 00:00 0 
7f7fa8285000-7f7fa8286000 ---p 00000000 00:00 0 
7f7fa8286000-7f7faa447000 rw-p 00000000 00:00 0 
7f7faa447000-7f7faaf57000 ---p 00000000 00:00 0 
7f7faaf57000-7f7fab017000 rw-p 00000000 00:00 0 
7f7fab017000-7f7fabb27000 ---p 00000000 00:00 0 
7f7fabb27000-7f7fabd97000 rwxp 00000000 00:00 0 
7f7fabd97000-7f7fac0b6000 ---p 00000000 00:00 0 
7f7fac0b6000-7f7fac506000 rwxp 00000000 00:00 0 
7f7fac506000-7f7fb35ee000 ---p 00000000 00:00 0 
7f7fb35ee000-7f7fb385e000 rwxp 00000000 00:00 0 
7f7fb385e000-7f7fbab27000 ---p 00000000 00:00 0 
7f7fbab27000-7f7fc4000000 r--s 00000000 08:01 525492                     /usr/lib/jvm/java-11-openjdk-amd64/lib/modules
7f7fc4000000-7f7fc459f000 rw-p 00000000 00:00 0 
7f7fc459f000-7f7fc8000000 ---p 00000000 00:00 0 
7f7fc8001000-7f7fc8023000 r--p 00000000 08:01 727781                     /usr/share/locale-langpack/fr/LC_MESSAGES/glib20.mo
7f7fc8023000-7f7fc82cc000 rw-p 00000000 00:00 0 
7f7fc82cc000-7f7fc82cd000 ---p 00000000 00:00 0 
7f7fc82cd000-7f7fc83ce000 rw-p 00000000 00:00 0 
7f7fc83ce000-7f7fc83cf000 ---p 00000000 00:00 0 
7f7fc83cf000-7f7fc84e8000 rw-p 00000000 00:00 0 
7f7fc84e8000-7f7fc864a000 ---p 00000000 00:00 0 
7f7fc864a000-7f7fc8662000 rw-p 00000000 00:00 0 
7f7fc8662000-7f7fc87c4000 ---p 00000000 00:00 0 
7f7fc87c4000-7f7fc87dc000 rw-p 00000000 00:00 0 
7f7fc87dc000-7f7fc893e000 ---p 00000000 00:00 0 
7f7fc893e000-7f7fc8b40000 rw-p 00000000 00:00 0 
7f7fc8b40000-7f7fc8b41000 ---p 00000000 00:00 0 
7f7fc8b41000-7f7fc8c42000 rw-p 00000000 00:00 0 
7f7fc8c42000-7f7fc8c43000 ---p 00000000 00:00 0 
7f7fc8c43000-7f7fc8d49000 rw-p 00000000 00:00 0 
7f7fc8d49000-7f7fc8e2f000 ---p 00000000 00:00 0 
7f7fc8e2f000-7f7fc8e38000 rw-p 00000000 00:00 0 
7f7fc8e38000-7f7fc8f1a000 ---p 00000000 00:00 0 
7f7fc8f1a000-7f7fc8f1f000 r-xp 00000000 08:01 525472                     /usr/lib/jvm/java-11-openjdk-amd64/lib/libjimage.so
7f7fc8f1f000-7f7fc911e000 ---p 00005000 08:01 525472                     /usr/lib/jvm/java-11-openjdk-amd64/lib/libjimage.so
7f7fc911e000-7f7fc911f000 r--p 00004000 08:01 525472                     /usr/lib/jvm/java-11-openjdk-amd64/lib/libjimage.so
7f7fc911f000-7f7fc9120000 rw-p 00005000 08:01 525472                     /usr/lib/jvm/java-11-openjdk-amd64/lib/libjimage.so
7f7fc9120000-7f7fc9127000 r-xp 00000000 08:01 525491                     /usr/lib/jvm/java-11-openjdk-amd64/lib/libzip.so
7f7fc9127000-7f7fc9326000 ---p 00007000 08:01 525491                     /usr/lib/jvm/java-11-openjdk-amd64/lib/libzip.so
7f7fc9326000-7f7fc9327000 r--p 00006000 08:01 525491                     /usr/lib/jvm/java-11-openjdk-amd64/lib/libzip.so
7f7fc9327000-7f7fc9328000 rw-p 00007000 08:01 525491                     /usr/lib/jvm/java-11-openjdk-amd64/lib/libzip.so
7f7fc9328000-7f7fc9333000 r-xp 00000000 08:01 267955                     /lib/x86_64-linux-gnu/libnss_files-2.27.so
7f7fc9333000-7f7fc9532000 ---p 0000b000 08:01 267955                     /lib/x86_64-linux-gnu/libnss_files-2.27.so
7f7fc9532000-7f7fc9533000 r--p 0000a000 08:01 267955                     /lib/x86_64-linux-gnu/libnss_files-2.27.so
7f7fc9533000-7f7fc9534000 rw-p 0000b000 08:01 267955                     /lib/x86_64-linux-gnu/libnss_files-2.27.so
7f7fc9534000-7f7fc953a000 rw-p 00000000 00:00 0 
7f7fc953a000-7f7fc9551000 r-xp 00000000 08:01 267949                     /lib/x86_64-linux-gnu/libnsl-2.27.so
7f7fc9551000-7f7fc9750000 ---p 00017000 08:01 267949                     /lib/x86_64-linux-gnu/libnsl-2.27.so
7f7fc9750000-7f7fc9751000 r--p 00016000 08:01 267949                     /lib/x86_64-linux-gnu/libnsl-2.27.so
7f7fc9751000-7f7fc9752000 rw-p 00017000 08:01 267949                     /lib/x86_64-linux-gnu/libnsl-2.27.so
7f7fc9752000-7f7fc9754000 rw-p 00000000 00:00 0 
7f7fc9754000-7f7fc975f000 r-xp 00000000 08:01 267966                     /lib/x86_64-linux-gnu/libnss_nis-2.27.so
7f7fc975f000-7f7fc995e000 ---p 0000b000 08:01 267966                     /lib/x86_64-linux-gnu/libnss_nis-2.27.so
7f7fc995e000-7f7fc995f000 r--p 0000a000 08:01 267966                     /lib/x86_64-linux-gnu/libnss_nis-2.27.so
7f7fc995f000-7f7fc9960000 rw-p 0000b000 08:01 267966                     /lib/x86_64-linux-gnu/libnss_nis-2.27.so
7f7fc9960000-7f7fc9968000 r-xp 00000000 08:01 267951                     /lib/x86_64-linux-gnu/libnss_compat-2.27.so
7f7fc9968000-7f7fc9b68000 ---p 00008000 08:01 267951                     /lib/x86_64-linux-gnu/libnss_compat-2.27.so
7f7fc9b68000-7f7fc9b69000 r--p 00008000 08:01 267951                     /lib/x86_64-linux-gnu/libnss_compat-2.27.so
7f7fc9b69000-7f7fc9b6a000 rw-p 00009000 08:01 267951                     /lib/x86_64-linux-gnu/libnss_compat-2.27.so
7f7fc9b6a000-7f7fc9b96000 r-xp 00000000 08:01 525468                     /usr/lib/jvm/java-11-openjdk-amd64/lib/libjava.so
7f7fc9b96000-7f7fc9d95000 ---p 0002c000 08:01 525468                     /usr/lib/jvm/java-11-openjdk-amd64/lib/libjava.so
7f7fc9d95000-7f7fc9d96000 r--p 0002b000 08:01 525468                     /usr/lib/jvm/java-11-openjdk-amd64/lib/libjava.so
7f7fc9d96000-7f7fc9d98000 rw-p 0002c000 08:01 525468                     /usr/lib/jvm/java-11-openjdk-amd64/lib/libjava.so
7f7fc9d98000-7f7fc9da5000 r-xp 00000000 08:01 525490                     /usr/lib/jvm/java-11-openjdk-amd64/lib/libverify.so
7f7fc9da5000-7f7fc9fa4000 ---p 0000d000 08:01 525490                     /usr/lib/jvm/java-11-openjdk-amd64/lib/libverify.so
7f7fc9fa4000-7f7fc9fa6000 r--p 0000c000 08:01 525490                     /usr/lib/jvm/java-11-openjdk-amd64/lib/libverify.so
7f7fc9fa6000-7f7fc9fa7000 rw-p 0000e000 08:01 525490                     /usr/lib/jvm/java-11-openjdk-amd64/lib/libverify.so
7f7fc9fa7000-7f7fc9fae000 r-xp 00000000 08:01 268006                     /lib/x86_64-linux-gnu/librt-2.27.so
7f7fc9fae000-7f7fca1ad000 ---p 00007000 08:01 268006                     /lib/x86_64-linux-gnu/librt-2.27.so
7f7fca1ad000-7f7fca1ae000 r--p 00006000 08:01 268006                     /lib/x86_64-linux-gnu/librt-2.27.so
7f7fca1ae000-7f7fca1af000 rw-p 00007000 08:01 268006                     /lib/x86_64-linux-gnu/librt-2.27.so
7f7fca1af000-7f7fca1c6000 r-xp 00000000 08:01 267902                     /lib/x86_64-linux-gnu/libgcc_s.so.1
7f7fca1c6000-7f7fca3c5000 ---p 00017000 08:01 267902                     /lib/x86_64-linux-gnu/libgcc_s.so.1
7f7fca3c5000-7f7fca3c6000 r--p 00016000 08:01 267902                     /lib/x86_64-linux-gnu/libgcc_s.so.1
7f7fca3c6000-7f7fca3c7000 rw-p 00017000 08:01 267902                     /lib/x86_64-linux-gnu/libgcc_s.so.1
7f7fca3c7000-7f7fca564000 r-xp 00000000 08:01 267928                     /lib/x86_64-linux-gnu/libm-2.27.so
7f7fca564000-7f7fca763000 ---p 0019d000 08:01 267928                     /lib/x86_64-linux-gnu/libm-2.27.so
7f7fca763000-7f7fca764000 r--p 0019c000 08:01 267928                     /lib/x86_64-linux-gnu/libm-2.27.so
7f7fca764000-7f7fca765000 rw-p 0019d000 08:01 267928                     /lib/x86_64-linux-gnu/libm-2.27.so
7f7fca765000-7f7fca8e3000 r-xp 00000000 08:01 533362                     /usr/lib/x86_64-linux-gnu/libstdc++.so.6.0.25
7f7fca8e3000-7f7fcaae3000 ---p 0017e000 08:01 533362                     /usr/lib/x86_64-linux-gnu/libstdc++.so.6.0.25
7f7fcaae3000-7f7fcaaed000 r--p 0017e000 08:01 533362                     /usr/lib/x86_64-linux-gnu/libstdc++.so.6.0.25
7f7fcaaed000-7f7fcaaef000 rw-p 00188000 08:01 533362                     /usr/lib/x86_64-linux-gnu/libstdc++.so.6.0.25
7f7fcaaef000-7f7fcaaf3000 rw-p 00000000 00:00 0 
7f7fcaaf3000-7f7fcba90000 r-xp 00000000 08:01 525504                     /usr/lib/jvm/java-11-openjdk-amd64/lib/server/libjvm.so
7f7fcba90000-7f7fcbc90000 ---p 00f9d000 08:01 525504                     /usr/lib/jvm/java-11-openjdk-amd64/lib/server/libjvm.so
7f7fcbc90000-7f7fcbd54000 r--p 00f9d000 08:01 525504                     /usr/lib/jvm/java-11-openjdk-amd64/lib/server/libjvm.so
7f7fcbd54000-7f7fcbd8c000 rw-p 01061000 08:01 525504                     /usr/lib/jvm/java-11-openjdk-amd64/lib/server/libjvm.so
7f7fcbd8c000-7f7fcbdd5000 rw-p 00000000 00:00 0 
7f7fcbdd5000-7f7fcbdef000 r-xp 00000000 08:01 267998                     /lib/x86_64-linux-gnu/libpthread-2.27.so
7f7fcbdef000-7f7fcbfee000 ---p 0001a000 08:01 267998                     /lib/x86_64-linux-gnu/libpthread-2.27.so
7f7fcbfee000-7f7fcbfef000 r--p 00019000 08:01 267998                     /lib/x86_64-linux-gnu/libpthread-2.27.so
7f7fcbfef000-7f7fcbff0000 rw-p 0001a000 08:01 267998                     /lib/x86_64-linux-gnu/libpthread-2.27.so
7f7fcbff0000-7f7fcbff4000 rw-p 00000000 00:00 0 
7f7fcbff4000-7f7fcbff7000 r-xp 00000000 08:01 267888                     /lib/x86_64-linux-gnu/libdl-2.27.so
7f7fcbff7000-7f7fcc1f6000 ---p 00003000 08:01 267888                     /lib/x86_64-linux-gnu/libdl-2.27.so
7f7fcc1f6000-7f7fcc1f7000 r--p 00002000 08:01 267888                     /lib/x86_64-linux-gnu/libdl-2.27.so
7f7fcc1f7000-7f7fcc1f8000 rw-p 00003000 08:01 267888                     /lib/x86_64-linux-gnu/libdl-2.27.so
7f7fcc1f8000-7f7fcc214000 r-xp 00000000 08:01 268039                     /lib/x86_64-linux-gnu/libz.so.1.2.11
7f7fcc214000-7f7fcc413000 ---p 0001c000 08:01 268039                     /lib/x86_64-linux-gnu/libz.so.1.2.11
7f7fcc413000-7f7fcc414000 r--p 0001b000 08:01 268039                     /lib/x86_64-linux-gnu/libz.so.1.2.11
7f7fcc414000-7f7fcc415000 rw-p 0001c000 08:01 268039                     /lib/x86_64-linux-gnu/libz.so.1.2.11
7f7fcc415000-7f7fcc5fc000 r-xp 00000000 08:01 267865                     /lib/x86_64-linux-gnu/libc-2.27.so
7f7fcc5fc000-7f7fcc7fc000 ---p 001e7000 08:01 267865                     /lib/x86_64-linux-gnu/libc-2.27.so
7f7fcc7fc000-7f7fcc800000 r--p 001e7000 08:01 267865                     /lib/x86_64-linux-gnu/libc-2.27.so
7f7fcc800000-7f7fcc802000 rw-p 001eb000 08:01 267865                     /lib/x86_64-linux-gnu/libc-2.27.so
7f7fcc802000-7f7fcc806000 rw-p 00000000 00:00 0 
7f7fcc806000-7f7fcc815000 r-xp 00000000 08:01 525497                     /usr/lib/jvm/java-11-openjdk-amd64/lib/jli/libjli.so
7f7fcc815000-7f7fcca14000 ---p 0000f000 08:01 525497                     /usr/lib/jvm/java-11-openjdk-amd64/lib/jli/libjli.so
7f7fcca14000-7f7fcca15000 r--p 0000e000 08:01 525497                     /usr/lib/jvm/java-11-openjdk-amd64/lib/jli/libjli.so
7f7fcca15000-7f7fcca16000 rw-p 0000f000 08:01 525497                     /usr/lib/jvm/java-11-openjdk-amd64/lib/jli/libjli.so
7f7fcca16000-7f7fcca3d000 r-xp 00000000 08:01 267837                     /lib/x86_64-linux-gnu/ld-2.27.so
7f7fcca3e000-7f7fcca3f000 rwxp 00000000 00:00 0 
7f7fcca3f000-7f7fcca46000 r--s 00000000 08:01 661394                     /usr/lib/x86_64-linux-gnu/gconv/gconv-modules.cache
7f7fcca46000-7f7fcca6c000 r--p 00000000 08:01 726803                     /usr/share/locale-langpack/fr/LC_MESSAGES/libc.mo
7f7fcca6c000-7f7fccb1f000 rw-p 00000000 00:00 0 
7f7fccb1f000-7f7fccb23000 ---p 00000000 00:00 0 
7f7fccb23000-7f7fccc22000 rw-p 00000000 00:00 0 
7f7fccc22000-7f7fccc23000 r--p 00000000 08:01 728669                     /home/cmt/.config/dconf/user
7f7fccc23000-7f7fccc24000 r--s 00000000 00:2e 21                         /run/user/1000/dconf/user
7f7fccc24000-7f7fccc2a000 rw-p 00000000 00:00 0 
7f7fccc2a000-7f7fccc31000 ---p 00000000 00:00 0 
7f7fccc31000-7f7fccc39000 rw-s 00000000 08:01 158986                     /tmp/hsperfdata_cmt/1826
7f7fccc39000-7f7fccc3a000 ---p 00000000 00:00 0 
7f7fccc3a000-7f7fccc3b000 r--p 00000000 00:00 0 
7f7fccc3b000-7f7fccc3d000 rw-p 00000000 00:00 0 
7f7fccc3d000-7f7fccc3e000 r--p 00027000 08:01 267837                     /lib/x86_64-linux-gnu/ld-2.27.so
7f7fccc3e000-7f7fccc3f000 rw-p 00028000 08:01 267837                     /lib/x86_64-linux-gnu/ld-2.27.so
7f7fccc3f000-7f7fccc40000 rw-p 00000000 00:00 0 
7ffd4b369000-7ffd4b38b000 rw-p 00000000 00:00 0                          [stack]
7ffd4b3d0000-7ffd4b3d3000 r--p 00000000 00:00 0                          [vvar]
7ffd4b3d3000-7ffd4b3d5000 r-xp 00000000 00:00 0                          [vdso]
ffffffffff600000-ffffffffff601000 r-xp 00000000 00:00 0                  [vsyscall]


VM Arguments:
jvm_args: -Dfile.encoding=UTF-8 
java_command: princ.Principal
java_class_path (initial): /home/cmt/Documents/eclipse-workspace/Duel/bin:/home/cmt/Documents/eclipse-workspace/Duel/ressources/libs/jade/jade.jar:/home/cmt/Documents/eclipse-workspace/Duel/ressources/libs/jme/eventbus.jar:/home/cmt/Documents/eclipse-workspace/Duel/ressources/libs/jme/gluegen-rt.jar:/home/cmt/Documents/eclipse-workspace/Duel/ressources/libs/jme/j-ogg-oggd.jar:/home/cmt/Documents/eclipse-workspace/Duel/ressources/libs/jme/j-ogg-vorbisd.jar:/home/cmt/Documents/eclipse-workspace/Duel/ressources/libs/jme/jbullet.jar:/home/cmt/Documents/eclipse-workspace/Duel/ressources/libs/jme/jglfont-core.jar:/home/cmt/Documents/eclipse-workspace/Duel/ressources/libs/jme/jinput.jar:/home/cmt/Documents/eclipse-workspace/Duel/ressources/libs/jme/jME3-blender.jar:/home/cmt/Documents/eclipse-workspace/Duel/ressources/libs/jme/jME3-core.jar:/home/cmt/Documents/eclipse-workspace/Duel/ressources/libs/jme/jME3-desktop.jar:/home/cmt/Documents/eclipse-workspace/Duel/ressources/libs/jme/jME3-effects.jar:/home/cmt/Documents/eclipse-workspace/Duel/ressources/libs/jme/jME3-jbullet.jar:/home/cmt/Documents/eclipse-workspace/Duel/ressources/libs/jme/jME3-jogg.jar:/home/cmt/Documents/eclipse-workspace/Duel/ressources/libs/jme/jME3-lwjgl-natives.jar:/home/cmt/Documents/eclipse-workspace/Duel/ressources/libs/jme/jME3-lwjgl.jar:/home/cmt/Documents/eclipse-workspace/Duel/ressources/libs/jme/jME3-networking.jar:/home/cmt/Documents/eclipse-workspace/Duel/ressources/libs/jme/jME3-niftygui.jar:/home/cmt/Documents/eclipse-workspace/Duel/ressources/libs/jme/jME3-plugins.jar:/home/cmt/Documents/eclipse-workspace/Duel/ressources/libs/jme/jME3-terrain.jar:/home/cmt/Documents/eclipse-workspace/Duel/ressources/libs/jme/jME3-testdata.jar:/home/cmt/Documents/eclipse-workspace/Duel/ressources/libs/jme/joal.jar:/home/cmt/Documents/eclipse-workspace/Duel/ressources/libs/jme/jogl-all.jar:/home/cmt/Documents/eclipse-workspace/Duel/ressources/libs/jme/lwjgl.jar:/home/cmt/Documents/eclipse-workspace/Duel/re
Launcher Type: SUN_STANDARD

Logging:
Log output configuration:
#0: stdout all=warning uptime,level,tags
#1: stderr all=off uptime,level,tags

Environment Variables:
PATH=/usr/local/sbin:/usr/local/bin:/usr/sbin:/usr/bin:/sbin:/bin:/usr/games:/usr/local/games
SHELL=/bin/bash
DISPLAY=:0.0

Signal Handlers:
SIGSEGV: [libjvm.so+0xd28a90], sa_mask[0]=11111111011111111101111111111110, sa_flags=SA_RESTART|SA_SIGINFO
SIGBUS: [libjvm.so+0xd28a90], sa_mask[0]=11111111011111111101111111111110, sa_flags=SA_RESTART|SA_SIGINFO
SIGFPE: [libjvm.so+0xd28a90], sa_mask[0]=11111111011111111101111111111110, sa_flags=SA_RESTART|SA_SIGINFO
SIGPIPE: SIG_IGN, sa_mask[0]=00000000000010000000000000000000, sa_flags=SA_RESTART
SIGXFSZ: [libjvm.so+0xb2a110], sa_mask[0]=11111111011111111101111111111110, sa_flags=SA_RESTART|SA_SIGINFO
SIGILL: [libjvm.so+0xd28a90], sa_mask[0]=11111111011111111101111111111110, sa_flags=SA_RESTART|SA_SIGINFO
SIGUSR2: [libjvm.so+0xb29f50], sa_mask[0]=00100000000000000000000000000000, sa_flags=SA_RESTART|SA_SIGINFO
SIGHUP: [libjvm.so+0xb2a0a0], sa_mask[0]=11111111011111111101111111111110, sa_flags=SA_RESTART|SA_SIGINFO
SIGINT: [libjvm.so+0xb2a0a0], sa_mask[0]=11111111011111111101111111111110, sa_flags=SA_RESTART|SA_SIGINFO
SIGTERM: [libjvm.so+0xb2a0a0], sa_mask[0]=11111111011111111101111111111110, sa_flags=SA_RESTART|SA_SIGINFO
SIGQUIT: [libjvm.so+0xb2a0a0], sa_mask[0]=11111111011111111101111111111110, sa_flags=SA_RESTART|SA_SIGINFO


---------------  S Y S T E M  ---------------

OS:DISTRIB_ID=LinuxMint
DISTRIB_RELEASE=19
DISTRIB_CODENAME=tara
DISTRIB_DESCRIPTION="Linux Mint 19 Tara"
uname:Linux 4.15.0-20-generic #21-Ubuntu SMP Tue Apr 24 06:16:15 UTC 2018 x86_64
libc:glibc 2.27 NPTL 2.27 
rlimit: STACK 8192k, CORE 0k, NPROC 11847, NOFILE 1048576, AS infinity, DATA infinity, FSIZE infinity
load average:2,53 1,08 0,40

/proc/meminfo:
MemTotal:        3095852 kB
MemFree:         1309568 kB
MemAvailable:    1910808 kB
Buffers:           42560 kB
Cached:           675860 kB
SwapCached:            0 kB
Active:          1100816 kB
Inactive:         533076 kB
Active(anon):     916240 kB
Inactive(anon):     4612 kB
Active(file):     184576 kB
Inactive(file):   528464 kB
Unevictable:          64 kB
Mlocked:              64 kB
SwapTotal:        719644 kB
SwapFree:         719644 kB
Dirty:               244 kB
Writeback:             0 kB
AnonPages:        915576 kB
Mapped:           168636 kB
Shmem:              5372 kB
Slab:              70884 kB
SReclaimable:      47732 kB
SUnreclaim:        23152 kB
KernelStack:        6176 kB
PageTables:        24828 kB
NFS_Unstable:          0 kB
Bounce:                0 kB
WritebackTmp:          0 kB
CommitLimit:     2267568 kB
Committed_AS:    2446952 kB
VmallocTotal:   34359738367 kB
VmallocUsed:           0 kB
VmallocChunk:          0 kB
HardwareCorrupted:     0 kB
AnonHugePages:         0 kB
ShmemHugePages:        0 kB
ShmemPmdMapped:        0 kB
CmaTotal:              0 kB
CmaFree:               0 kB
HugePages_Total:       0
HugePages_Free:        0
HugePages_Rsvd:        0
HugePages_Surp:        0
Hugepagesize:       2048 kB
DirectMap4k:      108480 kB
DirectMap2M:     3061760 kB

container (cgroup) information:
container_type: cgroupv1
cpu_cpuset_cpus: 0-1
cpu_memory_nodes: 0
active_processor_count: 2
cpu_quota: -1
cpu_period: 100000
cpu_shares: -1
memory_limit_in_bytes: -1
memory_and_swap_limit_in_bytes: -2
memory_soft_limit_in_bytes: -1
memory_usage_in_bytes: 1673342976
memory_max_usage_in_bytes: 0


CPU:total 2 (initial active 2) (2 cores per cpu, 1 threads per core) family 6 model 158 stepping 10, cmov, cx8, fxsr, mmx, sse, sse2, sse3, ssse3, sse4.1, sse4.2, popcnt, avx, avx2, aes, clmul, 3dnowpref, lzcnt, tsc, tscinvbit
CPU Model and flags from /proc/cpuinfo:
model name	: Intel(R) Core(TM) i7-8750H CPU @ 2.20GHz
flags		: fpu vme de pse tsc msr pae mce cx8 apic sep mtrr pge mca cmov pat pse36 clflush mmx fxsr sse sse2 ht syscall nx rdtscp lm constant_tsc rep_good nopl xtopology nonstop_tsc cpuid pni pclmulqdq ssse3 cx16 pcid sse4_1 sse4_2 x2apic movbe popcnt aes xsave avx rdrand hypervisor lahf_lm abm 3dnowprefetch invpcid_single pti fsgsbase avx2 invpcid rdseed clflushopt

Memory: 4k page, physical 3095852k(1309568k free), swap 719644k(719644k free)

vm_info: OpenJDK 64-Bit Server VM (10.0.1+10-Ubuntu-3ubuntu1) for linux-amd64 JRE (10.0.1+10-Ubuntu-3ubuntu1), built on Apr 21 2018 13:41:27 by "buildd" with gcc 7.3.0

END.
